Using pre-set license
Built from '2022.3/staging' branch; Version is '2022.3.16f1 (d2c21f0ef2f1) revision 13812255'; Using compiler version '192829333'; Build Type 'Release'
OS: 'Windows 10  (10.0.19045) 64bit Professional' Language: 'ru' Physical Memory: 16314 MB
BatchMode: 1, IsHumanControllingUs: 0, StartBugReporterOnCrash: 0, Is64bit: 1, IsPro: 1

COMMAND LINE ARGUMENTS:
D:\Programm\UNITY\2022.3.16f1\Editor\Unity.exe
-adb2
-batchMode
-noUpm
-name
AssetImportWorker4
-projectPath
D:/Playcreate/ProjectU/Level Creation
-logFile
Logs/AssetImportWorker4.log
-srvPort
50667
Successfully changed project path to: D:/Playcreate/ProjectU/Level Creation
D:/Playcreate/ProjectU/Level Creation
[UnityMemory] Configuration Parameters - Can be set up in boot.config
    "memorysetup-bucket-allocator-granularity=16"
    "memorysetup-bucket-allocator-bucket-count=8"
    "memorysetup-bucket-allocator-block-size=33554432"
    "memorysetup-bucket-allocator-block-count=8"
    "memorysetup-main-allocator-block-size=16777216"
    "memorysetup-thread-allocator-block-size=16777216"
    "memorysetup-gfx-main-allocator-block-size=16777216"
    "memorysetup-gfx-thread-allocator-block-size=16777216"
    "memorysetup-cache-allocator-block-size=4194304"
    "memorysetup-typetree-allocator-block-size=2097152"
    "memorysetup-profiler-bucket-allocator-granularity=16"
    "memorysetup-profiler-bucket-allocator-bucket-count=8"
    "memorysetup-profiler-bucket-allocator-block-size=33554432"
    "memorysetup-profiler-bucket-allocator-block-count=8"
    "memorysetup-profiler-allocator-block-size=16777216"
    "memorysetup-profiler-editor-allocator-block-size=1048576"
    "memorysetup-temp-allocator-size-main=16777216"
    "memorysetup-job-temp-allocator-block-size=2097152"
    "memorysetup-job-temp-allocator-block-size-background=1048576"
    "memorysetup-job-temp-allocator-reduction-small-platforms=262144"
    "memorysetup-allocator-temp-initial-block-size-main=262144"
    "memorysetup-allocator-temp-initial-block-size-worker=262144"
    "memorysetup-temp-allocator-size-background-worker=32768"
    "memorysetup-temp-allocator-size-job-worker=262144"
    "memorysetup-temp-allocator-size-preload-manager=33554432"
    "memorysetup-temp-allocator-size-nav-mesh-worker=65536"
    "memorysetup-temp-allocator-size-audio-worker=65536"
    "memorysetup-temp-allocator-size-cloud-worker=32768"
    "memorysetup-temp-allocator-size-gi-baking-worker=262144"
    "memorysetup-temp-allocator-size-gfx=262144"
Player connection [23720] Host "[IP] 192.168.0.34 [Port] 0 [Flags] 2 [Guid] 936937765 [EditorId] 936937765 [Version] 1048832 [Id] WindowsEditor(7,DESKTOP-745I0C4) [Debug] 1 [PackageName] WindowsEditor [ProjectName] Editor" joined multi-casting on [225.0.0.222:54997]...

Player connection [23720] Host "[IP] 192.168.0.34 [Port] 0 [Flags] 2 [Guid] 936937765 [EditorId] 936937765 [Version] 1048832 [Id] WindowsEditor(7,DESKTOP-745I0C4) [Debug] 1 [PackageName] WindowsEditor [ProjectName] Editor" joined alternative multi-casting on [225.0.0.222:34997]...

[Physics::Module] Initialized MultithreadedJobDispatcher with 11 workers.
Refreshing native plugins compatible for Editor in 11.07 ms, found 2 plugins.
Preloading 0 native plugins for Editor in 0.00 ms.
Initialize engine version: 2022.3.16f1 (d2c21f0ef2f1)
[Subsystems] Discovering subsystems at path D:/Programm/UNITY/2022.3.16f1/Editor/Data/Resources/UnitySubsystems
[Subsystems] Discovering subsystems at path D:/Playcreate/ProjectU/Level Creation/Assets
GfxDevice: creating device client; threaded=0; jobified=0
Direct3D:
    Version:  Direct3D 11.0 [level 11.1]
    Renderer: NVIDIA GeForce GTX 1650 SUPER (ID=0x2187)
    Vendor:   NVIDIA
    VRAM:     3943 MB
    Driver:   31.0.15.4584
Initialize mono
Mono path[0] = 'D:/Programm/UNITY/2022.3.16f1/Editor/Data/Managed'
Mono path[1] = 'D:/Programm/UNITY/2022.3.16f1/Editor/Data/MonoBleedingEdge/lib/mono/unityjit-win32'
Mono config path = 'D:/Programm/UNITY/2022.3.16f1/Editor/Data/MonoBleedingEdge/etc'
Using monoOptions --debugger-agent=transport=dt_socket,embedding=1,server=y,suspend=n,address=127.0.0.1:56792
Begin MonoManager ReloadAssembly
Registering precompiled unity dll's ...
Register platform support module: D:/Programm/UNITY/2022.3.16f1/Editor/Data/PlaybackEngines/WindowsStandaloneSupport/UnityEditor.WindowsStandalone.Extensions.dll
Registered in 0.005677 seconds.
- Loaded All Assemblies, in  0.467 seconds
Native extension for WindowsStandalone target not found
Mono: successfully reloaded assembly
- Finished resetting the current domain, in  0.345 seconds
Domain Reload Profiling: 812ms
	BeginReloadAssembly (165ms)
		ExecutionOrderSort (0ms)
		DisableScriptedObjects (0ms)
		BackupInstance (0ms)
		ReleaseScriptingObjects (0ms)
		CreateAndSetChildDomain (1ms)
	RebuildCommonClasses (46ms)
	RebuildNativeTypeToScriptingClass (14ms)
	initialDomainReloadingComplete (64ms)
	LoadAllAssembliesAndSetupDomain (178ms)
		LoadAssemblies (165ms)
		RebuildTransferFunctionScriptingTraits (0ms)
		AnalyzeDomain (175ms)
			TypeCache.Refresh (173ms)
				TypeCache.ScanAssembly (158ms)
			ScanForSourceGeneratedMonoScriptInfo (0ms)
			ResolveRequiredComponents (1ms)
	FinalizeReload (345ms)
		ReleaseScriptCaches (0ms)
		RebuildScriptCaches (0ms)
		SetupLoadedEditorAssemblies (273ms)
			LogAssemblyErrors (0ms)
			InitializePlatformSupportModulesInManaged (10ms)
			SetLoadedEditorAssemblies (9ms)
			RefreshPlugins (0ms)
			BeforeProcessingInitializeOnLoad (3ms)
			ProcessInitializeOnLoadAttributes (188ms)
			ProcessInitializeOnLoadMethodAttributes (63ms)
			AfterProcessingInitializeOnLoad (0ms)
			EditorAssembliesLoaded (0ms)
		ExecutionOrderSort2 (0ms)
		AwakeInstancesAfterBackupRestoration (0ms)
========================================================================
Worker process is ready to serve import requests
Begin MonoManager ReloadAssembly
- Loaded All Assemblies, in  0.689 seconds
Refreshing native plugins compatible for Editor in 3.87 ms, found 2 plugins.
Native extension for WindowsStandalone target not found
Mono: successfully reloaded assembly
- Finished resetting the current domain, in  0.685 seconds
Domain Reload Profiling: 1375ms
	BeginReloadAssembly (200ms)
		ExecutionOrderSort (0ms)
		DisableScriptedObjects (7ms)
		BackupInstance (0ms)
		ReleaseScriptingObjects (0ms)
		CreateAndSetChildDomain (26ms)
	RebuildCommonClasses (45ms)
	RebuildNativeTypeToScriptingClass (14ms)
	initialDomainReloadingComplete (56ms)
	LoadAllAssembliesAndSetupDomain (374ms)
		LoadAssemblies (338ms)
		RebuildTransferFunctionScriptingTraits (0ms)
		AnalyzeDomain (161ms)
			TypeCache.Refresh (130ms)
				TypeCache.ScanAssembly (116ms)
			ScanForSourceGeneratedMonoScriptInfo (25ms)
			ResolveRequiredComponents (6ms)
	FinalizeReload (686ms)
		ReleaseScriptCaches (0ms)
		RebuildScriptCaches (0ms)
		SetupLoadedEditorAssemblies (481ms)
			LogAssemblyErrors (0ms)
			InitializePlatformSupportModulesInManaged (6ms)
			SetLoadedEditorAssemblies (4ms)
			RefreshPlugins (0ms)
			BeforeProcessingInitializeOnLoad (80ms)
			ProcessInitializeOnLoadAttributes (327ms)
			ProcessInitializeOnLoadMethodAttributes (59ms)
			AfterProcessingInitializeOnLoad (4ms)
			EditorAssembliesLoaded (0ms)
		ExecutionOrderSort2 (0ms)
		AwakeInstancesAfterBackupRestoration (12ms)
Launched and connected shader compiler UnityShaderCompiler.exe after 0.08 seconds
Refreshing native plugins compatible for Editor in 3.79 ms, found 2 plugins.
Preloading 0 native plugins for Editor in 0.00 ms.
Unloading 3716 Unused Serialized files (Serialized files now loaded: 0)
Unloading 55 unused Assets / (57.4 KB). Loaded Objects now: 4185.
Memory consumption went from 137.8 MB to 137.8 MB.
Total: 4.243500 ms (FindLiveObjects: 0.403000 ms CreateObjectMapping: 0.144200 ms MarkObjects: 3.525800 ms  DeleteObjects: 0.168400 ms)

AssetImportParameters requested are different than current active one (requested -> active):
  custom:container-demuxer-ogg: 62fdf1f143b41e24485cea50d1cbac27 -> 
  custom:video-decoder-ogg-theora: a1e56fd34408186e4bbccfd4996cb3dc -> 
  custom:framework-win-MediaFoundation: 216162199b28c13a410421893ffa2e32 -> 
  custom:CustomObjectIndexerAttribute: 43b350a4d6e6d1791af0b5038c4bea17 -> 
  custom:container-demuxer-webm: 4f35f7cbe854078d1ac9338744f61a02 -> 
  custom:container-muxer-webm: aa71ff27fc2769a1b78a27578f13a17b -> 
  custom:video-decoder-webm-vp8: 9c59270c3fd7afecdb556c50c9e8de78 -> 
  custom:SearchIndexIgnoredProperties: e643bd26f0fe6173181afceb89e7c659 -> 
  custom:AudioImporter_EditorPlatform: d09bf68614088b80899f8185d706f6e7 -> 
  custom:video-encoder-webm-vp8: eb34c28f22e8b96e1ab97ce403110664 -> 
  custom:audio-decoder-ogg-vorbis: bf7c407c2cedff20999df2af8eb42d56 -> 
  custom:audio-encoder-webm-vorbis: bf7c407c2cedff20999df2af8eb42d56 -> 
========================================================================
Received Import Request.
  Time since last request: 66953.622244 seconds.
  path: Assets/Textures/AssetsFoGame/Monster_Creatures_Fantasy(Version 1.1)/Flying eye/Attack.png
  artifactKey: Guid(57b8ab731a509454597f06ac87a4d722) Importer(815301076,1909f56bfc062723c751e8b465ee728b)
Start importing Assets/Textures/AssetsFoGame/Monster_Creatures_Fantasy(Version 1.1)/Flying eye/Attack.png using Guid(57b8ab731a509454597f06ac87a4d722) Importer(815301076,1909f56bfc062723c751e8b465ee728b)  -> (artifact id: 'dd11e7d04d5214456ac254b53203ab41') in 0.071667 seconds
Number of updated asset objects reloaded before import = 0
Number of asset objects unloaded after import = 2
========================================================================
Received Import Request.
  Time since last request: 28.284580 seconds.
  path: Assets/Textures/AssetsFoGame/Monster_Creatures_Fantasy(Version 1.1)/Flying eye/Attack.png
  artifactKey: Guid(57b8ab731a509454597f06ac87a4d722) Importer(815301076,1909f56bfc062723c751e8b465ee728b)
Start importing Assets/Textures/AssetsFoGame/Monster_Creatures_Fantasy(Version 1.1)/Flying eye/Attack.png using Guid(57b8ab731a509454597f06ac87a4d722) Importer(815301076,1909f56bfc062723c751e8b465ee728b)  -> (artifact id: '2b2a5f503baaad81ecc629daeb895af1') in 0.087741 seconds
Number of updated asset objects reloaded before import = 0
Number of asset objects unloaded after import = 10
========================================================================
Received Import Request.
  Time since last request: 16.622159 seconds.
  path: Assets/Textures/AssetsFoGame/Monster_Creatures_Fantasy(Version 1.1)/Flying eye/Death.png
  artifactKey: Guid(cc238f5c446c6d94b8ba293ad45b462c) Importer(815301076,1909f56bfc062723c751e8b465ee728b)
Start importing Assets/Textures/AssetsFoGame/Monster_Creatures_Fantasy(Version 1.1)/Flying eye/Death.png using Guid(cc238f5c446c6d94b8ba293ad45b462c) Importer(815301076,1909f56bfc062723c751e8b465ee728b)  -> (artifact id: 'e44f2be129878f001375d4b37ed98738') in 0.027113 seconds
Number of updated asset objects reloaded before import = 0
Number of asset objects unloaded after import = 6
========================================================================
Received Import Request.
  Time since last request: 12.789127 seconds.
  path: Assets/Textures/AssetsFoGame/Monster_Creatures_Fantasy(Version 1.1)/Flying eye/Flight.png
  artifactKey: Guid(5efbecb83f2d15840962ac1d0339611f) Importer(815301076,1909f56bfc062723c751e8b465ee728b)
Start importing Assets/Textures/AssetsFoGame/Monster_Creatures_Fantasy(Version 1.1)/Flying eye/Flight.png using Guid(5efbecb83f2d15840962ac1d0339611f) Importer(815301076,1909f56bfc062723c751e8b465ee728b)  -> (artifact id: 'ac8a624eada7d7b15bbf95a0ae1893c1') in 0.038666 seconds
Number of updated asset objects reloaded before import = 0
Number of asset objects unloaded after import = 10
========================================================================
Received Import Request.
  Time since last request: 11.861176 seconds.
  path: Assets/Textures/AssetsFoGame/Monster_Creatures_Fantasy(Version 1.1)/Flying eye/Take Hit.png
  artifactKey: Guid(88ea1ad87d02b2e4b9ceb3f7a0bc50cd) Importer(815301076,1909f56bfc062723c751e8b465ee728b)
Start importing Assets/Textures/AssetsFoGame/Monster_Creatures_Fantasy(Version 1.1)/Flying eye/Take Hit.png using Guid(88ea1ad87d02b2e4b9ceb3f7a0bc50cd) Importer(815301076,1909f56bfc062723c751e8b465ee728b)  -> (artifact id: 'b3f15aab9a67bed377858ffa16e8b494') in 0.029888 seconds
Number of updated asset objects reloaded before import = 0
Number of asset objects unloaded after import = 6
========================================================================
Received Import Request.
  Time since last request: 6.808787 seconds.
  path: Assets/Textures/AssetsFoGame/Debuffs/attack_down.png
  artifactKey: Guid(552a8d0a3c252dd4c9d94eb31b10e6f4) Importer(815301076,1909f56bfc062723c751e8b465ee728b)
Start importing Assets/Textures/AssetsFoGame/Debuffs/attack_down.png using Guid(552a8d0a3c252dd4c9d94eb31b10e6f4) Importer(815301076,1909f56bfc062723c751e8b465ee728b)  -> (artifact id: '97de05c0b8901596722646d7931fe656') in 0.021677 seconds
Number of updated asset objects reloaded before import = 0
Number of asset objects unloaded after import = 3
========================================================================
Received Import Request.
  Time since last request: 0.011098 seconds.
  path: Assets/Textures/AssetsFoGame/Debuffs/cursed_(disarmed+silenced).png
  artifactKey: Guid(8db4b6311eaf3134ebd753b9c2f03119) Importer(815301076,1909f56bfc062723c751e8b465ee728b)
Start importing Assets/Textures/AssetsFoGame/Debuffs/cursed_(disarmed+silenced).png using Guid(8db4b6311eaf3134ebd753b9c2f03119) Importer(815301076,1909f56bfc062723c751e8b465ee728b)  -> (artifact id: '6a2750f396f4d4ffbab1afba50a95ce1') in 0.021841 seconds
Number of updated asset objects reloaded before import = 0
Number of asset objects unloaded after import = 3
========================================================================
Received Import Request.
  Time since last request: 0.000025 seconds.
  path: Assets/Textures/AssetsFoGame/Debuffs/silenced.png
  artifactKey: Guid(c1caaf6631e664048bb2aced8449a5e7) Importer(815301076,1909f56bfc062723c751e8b465ee728b)
Start importing Assets/Textures/AssetsFoGame/Debuffs/silenced.png using Guid(c1caaf6631e664048bb2aced8449a5e7) Importer(815301076,1909f56bfc062723c751e8b465ee728b)  -> (artifact id: '7a87f92b98298de7daa9eb19d81491a4') in 0.021044 seconds
Number of updated asset objects reloaded before import = 0
Number of asset objects unloaded after import = 3
========================================================================
Received Import Request.
  Time since last request: 0.000029 seconds.
  path: Assets/Textures/AssetsFoGame/Debuffs/blinded.png
  artifactKey: Guid(635daf307c17ac74e96a8ff68bd00577) Importer(815301076,1909f56bfc062723c751e8b465ee728b)
Start importing Assets/Textures/AssetsFoGame/Debuffs/blinded.png using Guid(635daf307c17ac74e96a8ff68bd00577) Importer(815301076,1909f56bfc062723c751e8b465ee728b)  -> (artifact id: '341028478955c3ac88745d68422e1796') in 0.024148 seconds
Number of updated asset objects reloaded before import = 0
Number of asset objects unloaded after import = 3
========================================================================
Received Import Request.
  Time since last request: 0.000032 seconds.
  path: Assets/Textures/AssetsFoGame/Debuffs/hungry.png
  artifactKey: Guid(3081d31881b0ede44b98a1e5e995db91) Importer(815301076,1909f56bfc062723c751e8b465ee728b)
Start importing Assets/Textures/AssetsFoGame/Debuffs/hungry.png using Guid(3081d31881b0ede44b98a1e5e995db91) Importer(815301076,1909f56bfc062723c751e8b465ee728b)  -> (artifact id: 'edb3f20d9ac14c3c8293a5fd62d98b96') in 0.022153 seconds
Number of updated asset objects reloaded before import = 0
Number of asset objects unloaded after import = 3
========================================================================
Received Import Request.
  Time since last request: 0.000027 seconds.
  path: Assets/Textures/AssetsFoGame/Debuffs/poisoned.png
  artifactKey: Guid(fca3d11550b10474cb46ec57b227e397) Importer(815301076,1909f56bfc062723c751e8b465ee728b)
Start importing Assets/Textures/AssetsFoGame/Debuffs/poisoned.png using Guid(fca3d11550b10474cb46ec57b227e397) Importer(815301076,1909f56bfc062723c751e8b465ee728b)  -> (artifact id: '72e84c8f8a8b48bc78a52243e632fc97') in 0.019288 seconds
Number of updated asset objects reloaded before import = 0
Number of asset objects unloaded after import = 3
========================================================================
Received Import Request.
  Time since last request: 0.000030 seconds.
  path: Assets/Textures/AssetsFoGame/Debuffs/stunned.png
  artifactKey: Guid(d840c3948232c8247aee3770e29fc651) Importer(815301076,1909f56bfc062723c751e8b465ee728b)
Start importing Assets/Textures/AssetsFoGame/Debuffs/stunned.png using Guid(d840c3948232c8247aee3770e29fc651) Importer(815301076,1909f56bfc062723c751e8b465ee728b)  -> (artifact id: '0cfa084f5351a9f96a6f182dd552c349') in 0.019780 seconds
Number of updated asset objects reloaded before import = 0
Number of asset objects unloaded after import = 3
========================================================================
Received Import Request.
  Time since last request: 0.000031 seconds.
  path: Assets/Textures/AssetsFoGame/Debuffs/slowed.png
  artifactKey: Guid(638d1e4b8e1334c4abe02e724ea0b124) Importer(815301076,1909f56bfc062723c751e8b465ee728b)
Start importing Assets/Textures/AssetsFoGame/Debuffs/slowed.png using Guid(638d1e4b8e1334c4abe02e724ea0b124) Importer(815301076,1909f56bfc062723c751e8b465ee728b)  -> (artifact id: 'ac102723c7f8b0565f351b15e36a36df') in 0.023866 seconds
Number of updated asset objects reloaded before import = 0
Number of asset objects unloaded after import = 3
========================================================================
Received Import Request.
  Time since last request: 0.000055 seconds.
  path: Assets/Textures/AssetsFoGame/Debuffs/confused.png
  artifactKey: Guid(572f243866198544188a374843c8675e) Importer(815301076,1909f56bfc062723c751e8b465ee728b)
Start importing Assets/Textures/AssetsFoGame/Debuffs/confused.png using Guid(572f243866198544188a374843c8675e) Importer(815301076,1909f56bfc062723c751e8b465ee728b)  -> (artifact id: '7409e15eaf66d21defa7c71131215e61') in 0.024425 seconds
Number of updated asset objects reloaded before import = 0
Number of asset objects unloaded after import = 3
========================================================================
Received Import Request.
  Time since last request: 18.475454 seconds.
  path: Assets/Textures/AssetsFoGame/Debuffs/confused.png
  artifactKey: Guid(572f243866198544188a374843c8675e) Importer(815301076,1909f56bfc062723c751e8b465ee728b)
Start importing Assets/Textures/AssetsFoGame/Debuffs/confused.png using Guid(572f243866198544188a374843c8675e) Importer(815301076,1909f56bfc062723c751e8b465ee728b)  -> (artifact id: '5524ddde45f58a2efcb81b0a41ef1044') in 0.016260 seconds
Number of updated asset objects reloaded before import = 0
Number of asset objects unloaded after import = 3
========================================================================
Received Import Request.
  Time since last request: 0.008885 seconds.
  path: Assets/Textures/AssetsFoGame/Debuffs/attack_down.png
  artifactKey: Guid(552a8d0a3c252dd4c9d94eb31b10e6f4) Importer(815301076,1909f56bfc062723c751e8b465ee728b)
Start importing Assets/Textures/AssetsFoGame/Debuffs/attack_down.png using Guid(552a8d0a3c252dd4c9d94eb31b10e6f4) Importer(815301076,1909f56bfc062723c751e8b465ee728b)  -> (artifact id: '1a75cc8a144dd426899825c3e3f5d7eb') in 0.016523 seconds
Number of updated asset objects reloaded before import = 0
Number of asset objects unloaded after import = 3
========================================================================
Received Import Request.
  Time since last request: 0.000025 seconds.
  path: Assets/Textures/AssetsFoGame/Debuffs/silenced.png
  artifactKey: Guid(c1caaf6631e664048bb2aced8449a5e7) Importer(815301076,1909f56bfc062723c751e8b465ee728b)
Start importing Assets/Textures/AssetsFoGame/Debuffs/silenced.png using Guid(c1caaf6631e664048bb2aced8449a5e7) Importer(815301076,1909f56bfc062723c751e8b465ee728b)  -> (artifact id: 'b2d64f54a7416d748c4a15910afa3a21') in 0.018804 seconds
Number of updated asset objects reloaded before import = 0
Number of asset objects unloaded after import = 3
========================================================================
Received Import Request.
  Time since last request: 0.000019 seconds.
  path: Assets/Textures/AssetsFoGame/Debuffs/hungry.png
  artifactKey: Guid(3081d31881b0ede44b98a1e5e995db91) Importer(815301076,1909f56bfc062723c751e8b465ee728b)
Start importing Assets/Textures/AssetsFoGame/Debuffs/hungry.png using Guid(3081d31881b0ede44b98a1e5e995db91) Importer(815301076,1909f56bfc062723c751e8b465ee728b)  -> (artifact id: '8e3eb322e5b67a89d065e153703c32cb') in 0.018785 seconds
Number of updated asset objects reloaded before import = 0
Number of asset objects unloaded after import = 3
========================================================================
Received Import Request.
  Time since last request: 0.000028 seconds.
  path: Assets/Textures/AssetsFoGame/Debuffs/poisoned.png
  artifactKey: Guid(fca3d11550b10474cb46ec57b227e397) Importer(815301076,1909f56bfc062723c751e8b465ee728b)
Start importing Assets/Textures/AssetsFoGame/Debuffs/poisoned.png using Guid(fca3d11550b10474cb46ec57b227e397) Importer(815301076,1909f56bfc062723c751e8b465ee728b)  -> (artifact id: '60465b7932365799831aa1134e5bd77d') in 0.021577 seconds
Number of updated asset objects reloaded before import = 0
Number of asset objects unloaded after import = 3
========================================================================
Received Import Request.
  Time since last request: 0.000024 seconds.
  path: Assets/Textures/AssetsFoGame/Debuffs/stunned.png
  artifactKey: Guid(d840c3948232c8247aee3770e29fc651) Importer(815301076,1909f56bfc062723c751e8b465ee728b)
Start importing Assets/Textures/AssetsFoGame/Debuffs/stunned.png using Guid(d840c3948232c8247aee3770e29fc651) Importer(815301076,1909f56bfc062723c751e8b465ee728b)  -> (artifact id: '949c9159e6939eda860f2a0cc4458da1') in 0.017812 seconds
Number of updated asset objects reloaded before import = 0
Number of asset objects unloaded after import = 3
========================================================================
Received Import Request.
  Time since last request: 0.000025 seconds.
  path: Assets/Textures/AssetsFoGame/Debuffs/slowed.png
  artifactKey: Guid(638d1e4b8e1334c4abe02e724ea0b124) Importer(815301076,1909f56bfc062723c751e8b465ee728b)
Start importing Assets/Textures/AssetsFoGame/Debuffs/slowed.png using Guid(638d1e4b8e1334c4abe02e724ea0b124) Importer(815301076,1909f56bfc062723c751e8b465ee728b)  -> (artifact id: '3481030ad7083046ba4c963b94d37a90') in 0.018997 seconds
Number of updated asset objects reloaded before import = 0
Number of asset objects unloaded after import = 3
========================================================================
Received Import Request.
  Time since last request: 0.000033 seconds.
  path: Assets/Textures/AssetsFoGame/Debuffs/sleeping.png
  artifactKey: Guid(4e9e2e7fc6a979c47bd0bb0cefd98d0c) Importer(815301076,1909f56bfc062723c751e8b465ee728b)
Start importing Assets/Textures/AssetsFoGame/Debuffs/sleeping.png using Guid(4e9e2e7fc6a979c47bd0bb0cefd98d0c) Importer(815301076,1909f56bfc062723c751e8b465ee728b)  -> (artifact id: '1f60761dba3c2cdd69999b4d2e0cd485') in 0.020593 seconds
Number of updated asset objects reloaded before import = 0
Number of asset objects unloaded after import = 3
========================================================================
Received Import Request.
  Time since last request: 5.368985 seconds.
  path: Assets/Textures/AssetsFoGame/Buffs/attack_boost.png
  artifactKey: Guid(5860bdbb228d5b146ac56e4b6b179481) Importer(815301076,1909f56bfc062723c751e8b465ee728b)
Start importing Assets/Textures/AssetsFoGame/Buffs/attack_boost.png using Guid(5860bdbb228d5b146ac56e4b6b179481) Importer(815301076,1909f56bfc062723c751e8b465ee728b)  -> (artifact id: 'ed2b1a23eaa5b06bdc6e2653e09cd47a') in 0.033041 seconds
Number of updated asset objects reloaded before import = 0
Number of asset objects unloaded after import = 3
========================================================================
Received Import Request.
  Time since last request: 0.000023 seconds.
  path: Assets/Textures/AssetsFoGame/Buffs/ghost_form_(physical_damage_immunity).png
  artifactKey: Guid(25cf8acd6d9828e43a2787914fe0653c) Importer(815301076,1909f56bfc062723c751e8b465ee728b)
Start importing Assets/Textures/AssetsFoGame/Buffs/ghost_form_(physical_damage_immunity).png using Guid(25cf8acd6d9828e43a2787914fe0653c) Importer(815301076,1909f56bfc062723c751e8b465ee728b)  -> (artifact id: '2511b58d31036cb31bff0e2033818a61') in 0.020793 seconds
Number of updated asset objects reloaded before import = 0
Number of asset objects unloaded after import = 3
========================================================================
Received Import Request.
  Time since last request: 0.000017 seconds.
  path: Assets/Textures/AssetsFoGame/Buffs/negative_status_resistance.png
  artifactKey: Guid(a6373774e96f5204f8114988b78a8d24) Importer(815301076,1909f56bfc062723c751e8b465ee728b)
Start importing Assets/Textures/AssetsFoGame/Buffs/negative_status_resistance.png using Guid(a6373774e96f5204f8114988b78a8d24) Importer(815301076,1909f56bfc062723c751e8b465ee728b)  -> (artifact id: 'ee4566dcf512268a3e0077f6df08cee7') in 0.018923 seconds
Number of updated asset objects reloaded before import = 0
Number of asset objects unloaded after import = 3
========================================================================
Received Import Request.
  Time since last request: 0.000020 seconds.
  path: Assets/Textures/AssetsFoGame/Buffs/magic_amplification.png
  artifactKey: Guid(e7f2b61de93c41843bea645f7e26fc38) Importer(815301076,1909f56bfc062723c751e8b465ee728b)
Start importing Assets/Textures/AssetsFoGame/Buffs/magic_amplification.png using Guid(e7f2b61de93c41843bea645f7e26fc38) Importer(815301076,1909f56bfc062723c751e8b465ee728b)  -> (artifact id: '1bc851c35c5da279722e8b649ea4d376') in 0.019385 seconds
Number of updated asset objects reloaded before import = 0
Number of asset objects unloaded after import = 3
========================================================================
Received Import Request.
  Time since last request: 13.399584 seconds.
  path: Assets/Textures/AssetsFoGame/Buffs/exp_boost.png
  artifactKey: Guid(ea0f33aa7525ec244a79e4fe88e215ff) Importer(815301076,1909f56bfc062723c751e8b465ee728b)
Start importing Assets/Textures/AssetsFoGame/Buffs/exp_boost.png using Guid(ea0f33aa7525ec244a79e4fe88e215ff) Importer(815301076,1909f56bfc062723c751e8b465ee728b)  -> (artifact id: '9e886ff3d7fe6c21b224c295de25f9bc') in 0.022343 seconds
Number of updated asset objects reloaded before import = 0
Number of asset objects unloaded after import = 3
========================================================================
Received Import Request.
  Time since last request: 0.004600 seconds.
  path: Assets/Textures/AssetsFoGame/Buffs/attack_boost.png
  artifactKey: Guid(5860bdbb228d5b146ac56e4b6b179481) Importer(815301076,1909f56bfc062723c751e8b465ee728b)
Start importing Assets/Textures/AssetsFoGame/Buffs/attack_boost.png using Guid(5860bdbb228d5b146ac56e4b6b179481) Importer(815301076,1909f56bfc062723c751e8b465ee728b)  -> (artifact id: 'cbefb55f59467b00d81c09e5eea63e8d') in 0.019504 seconds
Number of updated asset objects reloaded before import = 0
Number of asset objects unloaded after import = 3
========================================================================
Received Import Request.
  Time since last request: 0.000034 seconds.
  path: Assets/Textures/AssetsFoGame/Buffs/ghost_form_(physical_damage_immunity).png
  artifactKey: Guid(25cf8acd6d9828e43a2787914fe0653c) Importer(815301076,1909f56bfc062723c751e8b465ee728b)
Start importing Assets/Textures/AssetsFoGame/Buffs/ghost_form_(physical_damage_immunity).png using Guid(25cf8acd6d9828e43a2787914fe0653c) Importer(815301076,1909f56bfc062723c751e8b465ee728b)  -> (artifact id: '4e73b8b465e303f189df9060b10d2ce1') in 0.021490 seconds
Number of updated asset objects reloaded before import = 0
Number of asset objects unloaded after import = 3
========================================================================
Received Import Request.
  Time since last request: 0.000032 seconds.
  path: Assets/Textures/AssetsFoGame/Buffs/negative_status_resistance.png
  artifactKey: Guid(a6373774e96f5204f8114988b78a8d24) Importer(815301076,1909f56bfc062723c751e8b465ee728b)
Start importing Assets/Textures/AssetsFoGame/Buffs/negative_status_resistance.png using Guid(a6373774e96f5204f8114988b78a8d24) Importer(815301076,1909f56bfc062723c751e8b465ee728b)  -> (artifact id: 'a52fa9c70d2e75044c3847e0408c2518') in 0.020136 seconds
Number of updated asset objects reloaded before import = 0
Number of asset objects unloaded after import = 3
========================================================================
Received Import Request.
  Time since last request: 0.000029 seconds.
  path: Assets/Textures/AssetsFoGame/Buffs/regeneration.png
  artifactKey: Guid(048db584e9f97ca4e91d38d59523eb22) Importer(815301076,1909f56bfc062723c751e8b465ee728b)
Start importing Assets/Textures/AssetsFoGame/Buffs/regeneration.png using Guid(048db584e9f97ca4e91d38d59523eb22) Importer(815301076,1909f56bfc062723c751e8b465ee728b)  -> (artifact id: '70ac83017d5e42089f41c15f08f1461b') in 0.029213 seconds
Number of updated asset objects reloaded before import = 0
Number of asset objects unloaded after import = 3
========================================================================
Received Import Request.
  Time since last request: 7.250872 seconds.
  path: Assets/Textures/AssetsFoGame/Basic Asset Pack/basic magical animations
  artifactKey: Guid(a05abba42ef13fd40a5940655079a645) Importer(815301076,1909f56bfc062723c751e8b465ee728b)
Start importing Assets/Textures/AssetsFoGame/Basic Asset Pack/basic magical animations using Guid(a05abba42ef13fd40a5940655079a645) Importer(815301076,1909f56bfc062723c751e8b465ee728b)  -> (artifact id: '9293ee62dee213722a89c1369544c019') in 0.000561 seconds
Number of updated asset objects reloaded before import = 0
Number of asset objects unloaded after import = 0
========================================================================
Received Import Request.
  Time since last request: 1.184982 seconds.
  path: Assets/Textures/AssetsFoGame/Basic Asset Pack/basic magical animations/adept necromancer
  artifactKey: Guid(7595d8b367f59714fb5203f9db659c92) Importer(815301076,1909f56bfc062723c751e8b465ee728b)
Start importing Assets/Textures/AssetsFoGame/Basic Asset Pack/basic magical animations/adept necromancer using Guid(7595d8b367f59714fb5203f9db659c92) Importer(815301076,1909f56bfc062723c751e8b465ee728b)  -> (artifact id: '4c59c44484cd7eb52457734f7a2e9341') in 0.000542 seconds
Number of updated asset objects reloaded before import = 0
Number of asset objects unloaded after import = 0
========================================================================
Received Import Request.
  Time since last request: 0.165634 seconds.
  path: Assets/Textures/AssetsFoGame/Basic Asset Pack/basic magical animations/adept necromancer/AdeptNecromancer.aseprite
  artifactKey: Guid(5eb69373422002f47a5c1b3ea352eada) Importer(815301076,1909f56bfc062723c751e8b465ee728b)
Start importing Assets/Textures/AssetsFoGame/Basic Asset Pack/basic magical animations/adept necromancer/AdeptNecromancer.aseprite using Guid(5eb69373422002f47a5c1b3ea352eada) Importer(815301076,1909f56bfc062723c751e8b465ee728b)  -> (artifact id: '45041ec03641fce445a604247ddbff05') in 0.069755 seconds
Number of updated asset objects reloaded before import = 0
Number of asset objects unloaded after import = 15
========================================================================
Received Import Request.
  Time since last request: 66.265903 seconds.
  path: Assets/Textures/AssetsFoGame/Basic Asset Pack/basic magical animations/adept necromancer/AdeptNecromancer.png
  artifactKey: Guid(050d2ab017647b64cbc272bd705c0c7f) Importer(815301076,1909f56bfc062723c751e8b465ee728b)
Start importing Assets/Textures/AssetsFoGame/Basic Asset Pack/basic magical animations/adept necromancer/AdeptNecromancer.png using Guid(050d2ab017647b64cbc272bd705c0c7f) Importer(815301076,1909f56bfc062723c751e8b465ee728b)  -> (artifact id: 'b621a5a51c91ef71c9b50f50e9ecf72d') in 0.012785 seconds
Number of updated asset objects reloaded before import = 0
Number of asset objects unloaded after import = 2
========================================================================
Received Import Request.
  Time since last request: 0.003086 seconds.
  path: Assets/Textures/AssetsFoGame/Basic Asset Pack/basic magical animations/adept necromancer/AdeptNecromancer.gif
  artifactKey: Guid(cfd55526aef74d9438350faa4efd58fb) Importer(815301076,1909f56bfc062723c751e8b465ee728b)
Start importing Assets/Textures/AssetsFoGame/Basic Asset Pack/basic magical animations/adept necromancer/AdeptNecromancer.gif using Guid(cfd55526aef74d9438350faa4efd58fb) Importer(815301076,1909f56bfc062723c751e8b465ee728b)  -> (artifact id: '337b5d47c1b38ac976747e5dd0310833') in 0.012369 seconds
Number of updated asset objects reloaded before import = 0
Number of asset objects unloaded after import = 2
========================================================================
Received Import Request.
  Time since last request: 36.153619 seconds.
  path: Assets/Textures/AssetsFoGame/Basic Asset Pack/basic magical animations/adept necromancer/AdeptNecromancer.png
  artifactKey: Guid(050d2ab017647b64cbc272bd705c0c7f) Importer(815301076,1909f56bfc062723c751e8b465ee728b)
Start importing Assets/Textures/AssetsFoGame/Basic Asset Pack/basic magical animations/adept necromancer/AdeptNecromancer.png using Guid(050d2ab017647b64cbc272bd705c0c7f) Importer(815301076,1909f56bfc062723c751e8b465ee728b)  -> (artifact id: '7706b612d6330da63436e8de1d5712f7') in 0.023192 seconds
Number of updated asset objects reloaded before import = 0
Number of asset objects unloaded after import = 6
========================================================================
Received Import Request.
  Time since last request: 141.994845 seconds.
  path: Assets/Textures/AssetsFoGame/Basic Asset Pack/basic magical animations/adept necromancer/AdeptNecromancer.gif
  artifactKey: Guid(cfd55526aef74d9438350faa4efd58fb) Importer(815301076,1909f56bfc062723c751e8b465ee728b)
Start importing Assets/Textures/AssetsFoGame/Basic Asset Pack/basic magical animations/adept necromancer/AdeptNecromancer.gif using Guid(cfd55526aef74d9438350faa4efd58fb) Importer(815301076,1909f56bfc062723c751e8b465ee728b)  -> (artifact id: '61e3c1f6f016497d8ae36f045c1c1f77') in 0.015071 seconds
Number of updated asset objects reloaded before import = 0
Number of asset objects unloaded after import = 3
========================================================================
Received Import Request.
  Time since last request: 13.294600 seconds.
  path: Assets/Textures/AssetsFoGame/Basic Asset Pack/basic magical animations/adept necromancer/AdeptNecromancer.gif
  artifactKey: Guid(cfd55526aef74d9438350faa4efd58fb) Importer(815301076,1909f56bfc062723c751e8b465ee728b)
Start importing Assets/Textures/AssetsFoGame/Basic Asset Pack/basic magical animations/adept necromancer/AdeptNecromancer.gif using Guid(cfd55526aef74d9438350faa4efd58fb) Importer(815301076,1909f56bfc062723c751e8b465ee728b)  -> (artifact id: '8583f0d43d9f69faad233fa0b8cae52e') in 0.018247 seconds
Number of updated asset objects reloaded before import = 0
Number of asset objects unloaded after import = 3
========================================================================
Received Import Request.
  Time since last request: 15.963326 seconds.
  path: Assets/Textures/AssetsFoGame/Basic Asset Pack/basic magical animations/corrupted treant/CorruptedTreant.aseprite
  artifactKey: Guid(e14db28c5152fbf4faeab3c01e68ba3c) Importer(815301076,1909f56bfc062723c751e8b465ee728b)
Start importing Assets/Textures/AssetsFoGame/Basic Asset Pack/basic magical animations/corrupted treant/CorruptedTreant.aseprite using Guid(e14db28c5152fbf4faeab3c01e68ba3c) Importer(815301076,1909f56bfc062723c751e8b465ee728b)  -> (artifact id: '4f4430f14c9b8f9e30051b964aa7e926') in 0.029089 seconds
Number of updated asset objects reloaded before import = 0
Number of asset objects unloaded after import = 15
========================================================================
Received Import Request.
  Time since last request: 35.599344 seconds.
  path: Assets/Textures/AssetsFoGame/Basic Asset Pack/basic magical animations/corrupted treant/CorruptedTreant.png
  artifactKey: Guid(82e44175789e1fc4ea8ffd733f6b9218) Importer(815301076,1909f56bfc062723c751e8b465ee728b)
Start importing Assets/Textures/AssetsFoGame/Basic Asset Pack/basic magical animations/corrupted treant/CorruptedTreant.png using Guid(82e44175789e1fc4ea8ffd733f6b9218) Importer(815301076,1909f56bfc062723c751e8b465ee728b)  -> (artifact id: 'f5b23c5a77e6f1158e7ba2e70b82ee72') in 0.012763 seconds
Number of updated asset objects reloaded before import = 0
Number of asset objects unloaded after import = 2
========================================================================
Received Import Request.
  Time since last request: 0.007649 seconds.
  path: Assets/Textures/AssetsFoGame/Basic Asset Pack/basic magical animations/corrupted treant/CorruptedTreant.gif
  artifactKey: Guid(18750d1b61dbb074280d66687fcda1e0) Importer(815301076,1909f56bfc062723c751e8b465ee728b)
Start importing Assets/Textures/AssetsFoGame/Basic Asset Pack/basic magical animations/corrupted treant/CorruptedTreant.gif using Guid(18750d1b61dbb074280d66687fcda1e0) Importer(815301076,1909f56bfc062723c751e8b465ee728b)  -> (artifact id: '4b88194493586735b3540f01e59bd024') in 0.016877 seconds
Number of updated asset objects reloaded before import = 0
Number of asset objects unloaded after import = 2
========================================================================
Received Import Request.
  Time since last request: 14.228394 seconds.
  path: Assets/Textures/AssetsFoGame/Basic Asset Pack/basic magical animations/corrupted treant/CorruptedTreant.png
  artifactKey: Guid(82e44175789e1fc4ea8ffd733f6b9218) Importer(815301076,1909f56bfc062723c751e8b465ee728b)
Start importing Assets/Textures/AssetsFoGame/Basic Asset Pack/basic magical animations/corrupted treant/CorruptedTreant.png using Guid(82e44175789e1fc4ea8ffd733f6b9218) Importer(815301076,1909f56bfc062723c751e8b465ee728b)  -> (artifact id: 'a3106ef05a517cab1821f7768974bfe1') in 0.022602 seconds
Number of updated asset objects reloaded before import = 0
Number of asset objects unloaded after import = 6
========================================================================
Received Import Request.
  Time since last request: 15.421625 seconds.
  path: Assets/Textures/AssetsFoGame/Basic Asset Pack/basic magical animations/corrupted treant/CorruptedTreant.gif
  artifactKey: Guid(18750d1b61dbb074280d66687fcda1e0) Importer(815301076,1909f56bfc062723c751e8b465ee728b)
Start importing Assets/Textures/AssetsFoGame/Basic Asset Pack/basic magical animations/corrupted treant/CorruptedTreant.gif using Guid(18750d1b61dbb074280d66687fcda1e0) Importer(815301076,1909f56bfc062723c751e8b465ee728b)  -> (artifact id: 'a124cbd5805e4ac709dfb9ecaf47838f') in 0.022147 seconds
Number of updated asset objects reloaded before import = 0
Number of asset objects unloaded after import = 3
========================================================================
Received Import Request.
  Time since last request: 35.038069 seconds.
  path: Assets/Textures/AssetsFoGame/Basic Asset Pack/basic magical animations/deft sorceress/DeftSorceress.aseprite
  artifactKey: Guid(2fda30cd4ac6aea4f8459b5bb1deaaca) Importer(815301076,1909f56bfc062723c751e8b465ee728b)
Start importing Assets/Textures/AssetsFoGame/Basic Asset Pack/basic magical animations/deft sorceress/DeftSorceress.aseprite using Guid(2fda30cd4ac6aea4f8459b5bb1deaaca) Importer(815301076,1909f56bfc062723c751e8b465ee728b)  -> (artifact id: '612bc54632914797b25d2aff2920647a') in 0.031656 seconds
Number of updated asset objects reloaded before import = 0
Number of asset objects unloaded after import = 15
========================================================================
Received Import Request.
  Time since last request: 10.190513 seconds.
  path: Assets/Textures/AssetsFoGame/Basic Asset Pack/basic magical animations/earth elemental/EarthElemental.aseprite
  artifactKey: Guid(e38ec435fc1942c4694b4fa0318598a5) Importer(815301076,1909f56bfc062723c751e8b465ee728b)
Start importing Assets/Textures/AssetsFoGame/Basic Asset Pack/basic magical animations/earth elemental/EarthElemental.aseprite using Guid(e38ec435fc1942c4694b4fa0318598a5) Importer(815301076,1909f56bfc062723c751e8b465ee728b)  -> (artifact id: 'ac68e28aeb3a338d9f11e8a1b8562564') in 0.031283 seconds
Number of updated asset objects reloaded before import = 0
Number of asset objects unloaded after import = 15
========================================================================
Received Import Request.
  Time since last request: 0.000024 seconds.
  path: Assets/Textures/AssetsFoGame/Basic Asset Pack/basic magical animations/earth elemental/EarthElemental.png
  artifactKey: Guid(896ab3f5112519d4980e8757c7cfbc77) Importer(815301076,1909f56bfc062723c751e8b465ee728b)
Start importing Assets/Textures/AssetsFoGame/Basic Asset Pack/basic magical animations/earth elemental/EarthElemental.png using Guid(896ab3f5112519d4980e8757c7cfbc77) Importer(815301076,1909f56bfc062723c751e8b465ee728b)  -> (artifact id: 'd147bea1983438dcacab9103f5f69bec') in 0.014806 seconds
Number of updated asset objects reloaded before import = 0
Number of asset objects unloaded after import = 3
========================================================================
Received Import Request.
  Time since last request: 41.819514 seconds.
  path: Assets/Textures/AssetsFoGame/Basic Asset Pack/basic magical animations/corrupted treant
  artifactKey: Guid(7fecafee9fcf4cc4796393e893b133e9) Importer(815301076,1909f56bfc062723c751e8b465ee728b)
Start importing Assets/Textures/AssetsFoGame/Basic Asset Pack/basic magical animations/corrupted treant using Guid(7fecafee9fcf4cc4796393e893b133e9) Importer(815301076,1909f56bfc062723c751e8b465ee728b)  -> (artifact id: 'f3912c658dd393f53974f4c36711ab20') in 0.000686 seconds
Number of updated asset objects reloaded before import = 0
Number of asset objects unloaded after import = 0
========================================================================
Received Import Request.
  Time since last request: 5.125515 seconds.
  path: Assets/Textures/AssetsFoGame/Basic Asset Pack/basic magical animations/water elemental
  artifactKey: Guid(0ab8ac8c1e131814b9526082ef29f824) Importer(815301076,1909f56bfc062723c751e8b465ee728b)
Start importing Assets/Textures/AssetsFoGame/Basic Asset Pack/basic magical animations/water elemental using Guid(0ab8ac8c1e131814b9526082ef29f824) Importer(815301076,1909f56bfc062723c751e8b465ee728b)  -> (artifact id: '5c03b5146e9c4832754cb616735e02d0') in 0.000473 seconds
Number of updated asset objects reloaded before import = 0
Number of asset objects unloaded after import = 0
========================================================================
Received Import Request.
  Time since last request: 0.199104 seconds.
  path: Assets/Textures/AssetsFoGame/Basic Asset Pack/basic magical animations/water elemental/WaterElemental.aseprite
  artifactKey: Guid(a3fc9f4399e2aaf4dbd57d985a3cb70e) Importer(815301076,1909f56bfc062723c751e8b465ee728b)
Start importing Assets/Textures/AssetsFoGame/Basic Asset Pack/basic magical animations/water elemental/WaterElemental.aseprite using Guid(a3fc9f4399e2aaf4dbd57d985a3cb70e) Importer(815301076,1909f56bfc062723c751e8b465ee728b)  -> (artifact id: '0964442de5dcc091a81db61ff2e979c2') in 0.024560 seconds
Number of updated asset objects reloaded before import = 0
Number of asset objects unloaded after import = 15
========================================================================
Received Import Request.
  Time since last request: 7.699662 seconds.
  path: Assets/Textures/AssetsFoGame/Basic Asset Pack/basic magical sprites
  artifactKey: Guid(107bf902eaafa02489231cf6087cf16f) Importer(815301076,1909f56bfc062723c751e8b465ee728b)
Start importing Assets/Textures/AssetsFoGame/Basic Asset Pack/basic magical sprites using Guid(107bf902eaafa02489231cf6087cf16f) Importer(815301076,1909f56bfc062723c751e8b465ee728b)  -> (artifact id: 'fa596ae287ec42c5b834ef72cc35f5cc') in 0.000745 seconds
Number of updated asset objects reloaded before import = 0
Number of asset objects unloaded after import = 0
========================================================================
Received Import Request.
  Time since last request: 0.072830 seconds.
  path: Assets/Textures/AssetsFoGame/Basic Asset Pack/basic magical sprites/Basic 1x.png
  artifactKey: Guid(abb1a9e15188cd74489f76f5b7be7888) Importer(815301076,1909f56bfc062723c751e8b465ee728b)
Start importing Assets/Textures/AssetsFoGame/Basic Asset Pack/basic magical sprites/Basic 1x.png using Guid(abb1a9e15188cd74489f76f5b7be7888) Importer(815301076,1909f56bfc062723c751e8b465ee728b)  -> (artifact id: 'ab8f92fd0d9c0fc1bf974a6fd47cef1a') in 0.020769 seconds
Number of updated asset objects reloaded before import = 0
Number of asset objects unloaded after import = 3
========================================================================
Received Import Request.
  Time since last request: 0.000023 seconds.
  path: Assets/Textures/AssetsFoGame/Basic Asset Pack/basic magical sprites/Basic 4x.png
  artifactKey: Guid(6af5dfecf190bb645b08567f6c666a50) Importer(815301076,1909f56bfc062723c751e8b465ee728b)
Start importing Assets/Textures/AssetsFoGame/Basic Asset Pack/basic magical sprites/Basic 4x.png using Guid(6af5dfecf190bb645b08567f6c666a50) Importer(815301076,1909f56bfc062723c751e8b465ee728b)  -> (artifact id: '35431caf61a142023d85c3e956950554') in 0.035087 seconds
Number of updated asset objects reloaded before import = 0
Number of asset objects unloaded after import = 3
========================================================================
Received Import Request.
  Time since last request: 21.570319 seconds.
  path: Assets/Textures/AssetsFoGame/Animations/dwarf king
  artifactKey: Guid(21e4ff121eb497548b36f14359d30821) Importer(815301076,1909f56bfc062723c751e8b465ee728b)
Start importing Assets/Textures/AssetsFoGame/Animations/dwarf king using Guid(21e4ff121eb497548b36f14359d30821) Importer(815301076,1909f56bfc062723c751e8b465ee728b)  -> (artifact id: 'd064ace53686ea8386ea30b5d927f72e') in 0.000780 seconds
Number of updated asset objects reloaded before import = 0
Number of asset objects unloaded after import = 0
========================================================================
Received Import Request.
  Time since last request: 0.096768 seconds.
  path: Assets/Textures/AssetsFoGame/Animations/dwarf king/DwarfKingIdleSide.aseprite
  artifactKey: Guid(f52742e72156f974fb97449b8af529c8) Importer(815301076,1909f56bfc062723c751e8b465ee728b)
Start importing Assets/Textures/AssetsFoGame/Animations/dwarf king/DwarfKingIdleSide.aseprite using Guid(f52742e72156f974fb97449b8af529c8) Importer(815301076,1909f56bfc062723c751e8b465ee728b)  -> (artifact id: '1677788e30bec968f77e07506d916a0b') in 0.044336 seconds
Number of updated asset objects reloaded before import = 0
Number of asset objects unloaded after import = 19
========================================================================
Received Import Request.
  Time since last request: 2.604381 seconds.
  path: Assets/Textures/AssetsFoGame/Animations/gnoll grunt/GnollGruntIdleSide.aseprite
  artifactKey: Guid(3f23cd7b5cabb9c4a9eb6ea6d7bdda2e) Importer(815301076,1909f56bfc062723c751e8b465ee728b)
Start importing Assets/Textures/AssetsFoGame/Animations/gnoll grunt/GnollGruntIdleSide.aseprite using Guid(3f23cd7b5cabb9c4a9eb6ea6d7bdda2e) Importer(815301076,1909f56bfc062723c751e8b465ee728b)  -> (artifact id: '61e764e3b837ce9a399838af6790f18d') in 0.026253 seconds
Number of updated asset objects reloaded before import = 0
Number of asset objects unloaded after import = 15
========================================================================
Received Import Request.
  Time since last request: 0.615801 seconds.
  path: Assets/Textures/AssetsFoGame/Animations/gnoll pikeman/GnollPikemanIdleSide.aseprite
  artifactKey: Guid(7f4c357924869f041a6f9dfd8029789f) Importer(815301076,1909f56bfc062723c751e8b465ee728b)
Start importing Assets/Textures/AssetsFoGame/Animations/gnoll pikeman/GnollPikemanIdleSide.aseprite using Guid(7f4c357924869f041a6f9dfd8029789f) Importer(815301076,1909f56bfc062723c751e8b465ee728b)  -> (artifact id: 'd9205f574611905c7607b9521d8955a2') in 0.027182 seconds
Number of updated asset objects reloaded before import = 0
Number of asset objects unloaded after import = 15
========================================================================
Received Import Request.
  Time since last request: 0.468494 seconds.
  path: Assets/Textures/AssetsFoGame/Animations/gnome tinkerer/GnomeTinkererIdleSide.aseprite
  artifactKey: Guid(53e19c8c9c0e0194da801f92c91fc047) Importer(815301076,1909f56bfc062723c751e8b465ee728b)
Start importing Assets/Textures/AssetsFoGame/Animations/gnome tinkerer/GnomeTinkererIdleSide.aseprite using Guid(53e19c8c9c0e0194da801f92c91fc047) Importer(815301076,1909f56bfc062723c751e8b465ee728b)  -> (artifact id: 'a7e4fafb8484bc2be1ffa5e4fc03613c') in 0.026291 seconds
Number of updated asset objects reloaded before import = 0
Number of asset objects unloaded after import = 15
========================================================================
Received Import Request.
  Time since last request: 0.478874 seconds.
  path: Assets/Textures/AssetsFoGame/Animations/gnome wanderer/GnomeWandererIdleSide.aseprite
  artifactKey: Guid(90c42208972ae2646a8d0c621957f14f) Importer(815301076,1909f56bfc062723c751e8b465ee728b)
Start importing Assets/Textures/AssetsFoGame/Animations/gnome wanderer/GnomeWandererIdleSide.aseprite using Guid(90c42208972ae2646a8d0c621957f14f) Importer(815301076,1909f56bfc062723c751e8b465ee728b)  -> (artifact id: '3bb34ec512354b5936b04e1633bdee9f') in 0.028803 seconds
Number of updated asset objects reloaded before import = 0
Number of asset objects unloaded after import = 15
========================================================================
Received Import Request.
  Time since last request: 0.483374 seconds.
  path: Assets/Textures/AssetsFoGame/Animations/goblin archer/GoblinArcherIdleSide.aseprite
  artifactKey: Guid(f5e5fb6b479a84141814f14e14f73786) Importer(815301076,1909f56bfc062723c751e8b465ee728b)
Start importing Assets/Textures/AssetsFoGame/Animations/goblin archer/GoblinArcherIdleSide.aseprite using Guid(f5e5fb6b479a84141814f14e14f73786) Importer(815301076,1909f56bfc062723c751e8b465ee728b)  -> (artifact id: '7939a9219ab9a2fae70bf93027082854') in 0.026846 seconds
Number of updated asset objects reloaded before import = 0
Number of asset objects unloaded after import = 15
========================================================================
Received Import Request.
  Time since last request: 0.520786 seconds.
  path: Assets/Textures/AssetsFoGame/Animations/goblin occultist/GoblinOccultistIdleSide.aseprite
  artifactKey: Guid(4d1ef9e31e91ebd408e489b886a13996) Importer(815301076,1909f56bfc062723c751e8b465ee728b)
Start importing Assets/Textures/AssetsFoGame/Animations/goblin occultist/GoblinOccultistIdleSide.aseprite using Guid(4d1ef9e31e91ebd408e489b886a13996) Importer(815301076,1909f56bfc062723c751e8b465ee728b)  -> (artifact id: 'acae842d7edc30a05a2d1b692c34337e') in 0.027669 seconds
Number of updated asset objects reloaded before import = 0
Number of asset objects unloaded after import = 15
========================================================================
Received Import Request.
  Time since last request: 1.190410 seconds.
  path: Assets/Textures/AssetsFoGame/Animations/goblin wolf rider/GoblinWolfRiderIdleSide.aseprite
  artifactKey: Guid(7a62f6f0cc8e7c6458c9b8de702d0f46) Importer(815301076,1909f56bfc062723c751e8b465ee728b)
Start importing Assets/Textures/AssetsFoGame/Animations/goblin wolf rider/GoblinWolfRiderIdleSide.aseprite using Guid(7a62f6f0cc8e7c6458c9b8de702d0f46) Importer(815301076,1909f56bfc062723c751e8b465ee728b)  -> (artifact id: '62dcde624cf4057c2c55ea08beddafb6') in 0.027690 seconds
Number of updated asset objects reloaded before import = 0
Number of asset objects unloaded after import = 15
========================================================================
Received Import Request.
  Time since last request: 0.413516 seconds.
  path: Assets/Textures/AssetsFoGame/Animations/halfling assassin/HalflingAssassinIdleSide.aseprite
  artifactKey: Guid(b7cba269919afb44dbad4b3eb211c79f) Importer(815301076,1909f56bfc062723c751e8b465ee728b)
Start importing Assets/Textures/AssetsFoGame/Animations/halfling assassin/HalflingAssassinIdleSide.aseprite using Guid(b7cba269919afb44dbad4b3eb211c79f) Importer(815301076,1909f56bfc062723c751e8b465ee728b)  -> (artifact id: '741d09e58cce5a2c636ec19add55ce22') in 0.056997 seconds
Number of updated asset objects reloaded before import = 0
Number of asset objects unloaded after import = 15
========================================================================
Received Import Request.
  Time since last request: 1.108221 seconds.
  path: Assets/Textures/AssetsFoGame/Animations/halfling ranger/HalflingRangerIdleSide.aseprite
  artifactKey: Guid(50391ecde3732404982ae6516ebeb9fc) Importer(815301076,1909f56bfc062723c751e8b465ee728b)
Start importing Assets/Textures/AssetsFoGame/Animations/halfling ranger/HalflingRangerIdleSide.aseprite using Guid(50391ecde3732404982ae6516ebeb9fc) Importer(815301076,1909f56bfc062723c751e8b465ee728b)  -> (artifact id: '43d5cffb1c89c4247d022b5cd4f8d9e6') in 0.025284 seconds
Number of updated asset objects reloaded before import = 0
Number of asset objects unloaded after import = 15
========================================================================
Received Import Request.
  Time since last request: 0.422842 seconds.
  path: Assets/Textures/AssetsFoGame/Animations/halfling rogue/HalflingRogueIdleSide.aseprite
  artifactKey: Guid(09f8d62c245f86c4c949e475e060e1b3) Importer(815301076,1909f56bfc062723c751e8b465ee728b)
Start importing Assets/Textures/AssetsFoGame/Animations/halfling rogue/HalflingRogueIdleSide.aseprite using Guid(09f8d62c245f86c4c949e475e060e1b3) Importer(815301076,1909f56bfc062723c751e8b465ee728b)  -> (artifact id: '544075da1aa5b8621c649bc1772150c4') in 0.025888 seconds
Number of updated asset objects reloaded before import = 0
Number of asset objects unloaded after import = 15
========================================================================
Received Import Request.
  Time since last request: 2.384450 seconds.
  path: Assets/Textures/AssetsFoGame/Animations/halfling slinger/HalflingSlingerIdleSide
  artifactKey: Guid(46835b9928bb1e14b87cf4885893de55) Importer(815301076,1909f56bfc062723c751e8b465ee728b)
Start importing Assets/Textures/AssetsFoGame/Animations/halfling slinger/HalflingSlingerIdleSide using Guid(46835b9928bb1e14b87cf4885893de55) Importer(815301076,1909f56bfc062723c751e8b465ee728b)  -> (artifact id: '87dc7103719bfd55c5c61b79e18c54f6') in 0.000710 seconds
Number of updated asset objects reloaded before import = 0
Number of asset objects unloaded after import = 0
========================================================================
Received Import Request.
  Time since last request: 0.055383 seconds.
  path: Assets/Textures/AssetsFoGame/Animations/halfling slinger/HalflingSlingerIdleSide/HalflingSlingerIdleSide.aseprite
  artifactKey: Guid(1e99ef3eb3232394ba1240b994e9ba30) Importer(815301076,1909f56bfc062723c751e8b465ee728b)
Start importing Assets/Textures/AssetsFoGame/Animations/halfling slinger/HalflingSlingerIdleSide/HalflingSlingerIdleSide.aseprite using Guid(1e99ef3eb3232394ba1240b994e9ba30) Importer(815301076,1909f56bfc062723c751e8b465ee728b)  -> (artifact id: 'b5919d5ff83c6e3c88a0506dc0e51244') in 0.024848 seconds
Number of updated asset objects reloaded before import = 0
Number of asset objects unloaded after import = 15
========================================================================
Received Import Request.
  Time since last request: 1.652166 seconds.
  path: Assets/Textures/AssetsFoGame/Animations/lizardfolk archer/LizardfolkArcherIdleSide.aseprite
  artifactKey: Guid(f308fe796cc6329418177072c5aa8f2b) Importer(815301076,1909f56bfc062723c751e8b465ee728b)
Start importing Assets/Textures/AssetsFoGame/Animations/lizardfolk archer/LizardfolkArcherIdleSide.aseprite using Guid(f308fe796cc6329418177072c5aa8f2b) Importer(815301076,1909f56bfc062723c751e8b465ee728b)  -> (artifact id: '7400488f4ab770cab58e002060c86b0e') in 0.025899 seconds
Number of updated asset objects reloaded before import = 0
Number of asset objects unloaded after import = 15
========================================================================
Received Import Request.
  Time since last request: 0.387913 seconds.
  path: Assets/Textures/AssetsFoGame/Animations/lizardfolk gladiator/LizardfolkGladiatorIdleSide.aseprite
  artifactKey: Guid(d1ebd4487bd71954eaed1d921f3b88f0) Importer(815301076,1909f56bfc062723c751e8b465ee728b)
Start importing Assets/Textures/AssetsFoGame/Animations/lizardfolk gladiator/LizardfolkGladiatorIdleSide.aseprite using Guid(d1ebd4487bd71954eaed1d921f3b88f0) Importer(815301076,1909f56bfc062723c751e8b465ee728b)  -> (artifact id: '413e52e09ff9c33ae655c4caf12c85f6') in 0.028413 seconds
Number of updated asset objects reloaded before import = 0
Number of asset objects unloaded after import = 15
========================================================================
Received Import Request.
  Time since last request: 0.419187 seconds.
  path: Assets/Textures/AssetsFoGame/Animations/lizardfolk tracker/LizardfolkTrackerIdleSide.aseprite
  artifactKey: Guid(311c45126be2dc545a9b30c5e19c390a) Importer(815301076,1909f56bfc062723c751e8b465ee728b)
Start importing Assets/Textures/AssetsFoGame/Animations/lizardfolk tracker/LizardfolkTrackerIdleSide.aseprite using Guid(311c45126be2dc545a9b30c5e19c390a) Importer(815301076,1909f56bfc062723c751e8b465ee728b)  -> (artifact id: 'e1c9204dbeea0b612583da4e0b759595') in 0.039386 seconds
Number of updated asset objects reloaded before import = 0
Number of asset objects unloaded after import = 19
========================================================================
Received Import Request.
  Time since last request: 1.456118 seconds.
  path: Assets/Textures/AssetsFoGame/Animations/orc juggernaut/OrcJuggernautIdleSide.aseprite
  artifactKey: Guid(4479502bc45559d4b8ae5b90321be96d) Importer(815301076,1909f56bfc062723c751e8b465ee728b)
Start importing Assets/Textures/AssetsFoGame/Animations/orc juggernaut/OrcJuggernautIdleSide.aseprite using Guid(4479502bc45559d4b8ae5b90321be96d) Importer(815301076,1909f56bfc062723c751e8b465ee728b)  -> (artifact id: '749eb86d0b72f42e60b991e733b92458') in 0.042330 seconds
Number of updated asset objects reloaded before import = 0
Number of asset objects unloaded after import = 19
========================================================================
Received Import Request.
  Time since last request: 114.945953 seconds.
  path: Assets/Textures/AssetsFoGame/Basic Asset Pack/basic magical animations/fire elemental/FireElemental.aseprite
  artifactKey: Guid(217f92ba9c4cf9c4bacdfc2cd43742e4) Importer(815301076,1909f56bfc062723c751e8b465ee728b)
Start importing Assets/Textures/AssetsFoGame/Basic Asset Pack/basic magical animations/fire elemental/FireElemental.aseprite using Guid(217f92ba9c4cf9c4bacdfc2cd43742e4) Importer(815301076,1909f56bfc062723c751e8b465ee728b)  -> (artifact id: '7034a8007c06f0b04cdb28ff0b905acb') in 0.027900 seconds
Number of updated asset objects reloaded before import = 0
Number of asset objects unloaded after import = 15
========================================================================
Received Import Request.
  Time since last request: 0.399393 seconds.
  path: Assets/Textures/AssetsFoGame/Basic Asset Pack/basic magical animations/fluttering pixie/FlutteringPixie.aseprite
  artifactKey: Guid(c281b4beaff0cd54b88d2aa65d93669f) Importer(815301076,1909f56bfc062723c751e8b465ee728b)
Start importing Assets/Textures/AssetsFoGame/Basic Asset Pack/basic magical animations/fluttering pixie/FlutteringPixie.aseprite using Guid(c281b4beaff0cd54b88d2aa65d93669f) Importer(815301076,1909f56bfc062723c751e8b465ee728b)  -> (artifact id: '15365872fd98b90dc7e23804fe102155') in 0.026132 seconds
Number of updated asset objects reloaded before import = 0
Number of asset objects unloaded after import = 15
========================================================================
Received Import Request.
  Time since last request: 8.121626 seconds.
  path: Assets/Textures/AssetsFoGame/16x16/IconSet.png
  artifactKey: Guid(f8a31b691c11f634a83170c05751f484) Importer(815301076,1909f56bfc062723c751e8b465ee728b)
Start importing Assets/Textures/AssetsFoGame/16x16/IconSet.png using Guid(f8a31b691c11f634a83170c05751f484) Importer(815301076,1909f56bfc062723c751e8b465ee728b)  -> (artifact id: 'c75d3fef095b033de5300db9bf9136f7') in 0.025333 seconds
Number of updated asset objects reloaded before import = 0
Number of asset objects unloaded after import = 3
========================================================================
Received Import Request.
  Time since last request: 0.881006 seconds.
  path: Assets/Textures/AssetsFoGame/2D Pixel Dungeon Asset Pack/Dungeon_Character_at.png
  artifactKey: Guid(3097d0e19fdd01849a213bf877ecc154) Importer(815301076,1909f56bfc062723c751e8b465ee728b)
Start importing Assets/Textures/AssetsFoGame/2D Pixel Dungeon Asset Pack/Dungeon_Character_at.png using Guid(3097d0e19fdd01849a213bf877ecc154) Importer(815301076,1909f56bfc062723c751e8b465ee728b)  -> (artifact id: '73b2a192dd6ad691adee4e63db8c2056') in 0.018508 seconds
Number of updated asset objects reloaded before import = 0
Number of asset objects unloaded after import = 3
========================================================================
Received Import Request.
  Time since last request: 0.000019 seconds.
  path: Assets/Textures/AssetsFoGame/2D Pixel Dungeon Asset Pack/Dungeon_Tileset_at.png
  artifactKey: Guid(384610eb80ca70641a309c19027db676) Importer(815301076,1909f56bfc062723c751e8b465ee728b)
Start importing Assets/Textures/AssetsFoGame/2D Pixel Dungeon Asset Pack/Dungeon_Tileset_at.png using Guid(384610eb80ca70641a309c19027db676) Importer(815301076,1909f56bfc062723c751e8b465ee728b)  -> (artifact id: 'fcde32921afd4b4e67b223a9cda23734') in 0.018870 seconds
Number of updated asset objects reloaded before import = 0
Number of asset objects unloaded after import = 3
========================================================================
Received Import Request.
  Time since last request: 72.166015 seconds.
  path: Assets/Textures/AssetsFoGame/Animations/orc savage/OrcSavageIdleSide.aseprite
  artifactKey: Guid(d963d15e152ddd8478a823b2d9c18d24) Importer(815301076,1909f56bfc062723c751e8b465ee728b)
Start importing Assets/Textures/AssetsFoGame/Animations/orc savage/OrcSavageIdleSide.aseprite using Guid(d963d15e152ddd8478a823b2d9c18d24) Importer(815301076,1909f56bfc062723c751e8b465ee728b)  -> (artifact id: '6a4926daf752e033ffffc9ad9433e9df') in 0.028485 seconds
Number of updated asset objects reloaded before import = 0
Number of asset objects unloaded after import = 15
========================================================================
Received Import Request.
  Time since last request: 65.377227 seconds.
  path: Assets/Textures/AssetsFoGame/Buffs/exp_boost.png
  artifactKey: Guid(ea0f33aa7525ec244a79e4fe88e215ff) Importer(815301076,1909f56bfc062723c751e8b465ee728b)
Start importing Assets/Textures/AssetsFoGame/Buffs/exp_boost.png using Guid(ea0f33aa7525ec244a79e4fe88e215ff) Importer(815301076,1909f56bfc062723c751e8b465ee728b)  -> (artifact id: '5a5a1a410bcf6b44af84def7ea2e8f80') in 0.017636 seconds
Number of updated asset objects reloaded before import = 0
Number of asset objects unloaded after import = 3
========================================================================
Received Import Request.
  Time since last request: 0.010403 seconds.
  path: Assets/Textures/AssetsFoGame/Buffs/attack_boost.png
  artifactKey: Guid(5860bdbb228d5b146ac56e4b6b179481) Importer(815301076,1909f56bfc062723c751e8b465ee728b)
Start importing Assets/Textures/AssetsFoGame/Buffs/attack_boost.png using Guid(5860bdbb228d5b146ac56e4b6b179481) Importer(815301076,1909f56bfc062723c751e8b465ee728b)  -> (artifact id: 'eb9e5fef817c319dfbd05035ccc8a910') in 0.015531 seconds
Number of updated asset objects reloaded before import = 0
Number of asset objects unloaded after import = 3
========================================================================
Received Import Request.
  Time since last request: 0.000824 seconds.
  path: Assets/Textures/AssetsFoGame/Buffs/element_boost.png
  artifactKey: Guid(ad5ee91d202717041afa7a8c28aede5a) Importer(815301076,1909f56bfc062723c751e8b465ee728b)
Start importing Assets/Textures/AssetsFoGame/Buffs/element_boost.png using Guid(ad5ee91d202717041afa7a8c28aede5a) Importer(815301076,1909f56bfc062723c751e8b465ee728b)  -> (artifact id: 'c53edeb55ba7cb40f44775a1147b1fe4') in 0.023337 seconds
Number of updated asset objects reloaded before import = 0
Number of asset objects unloaded after import = 3
========================================================================
Received Import Request.
  Time since last request: 0.000046 seconds.
  path: Assets/Textures/AssetsFoGame/Buffs/knockback_resistance.png
  artifactKey: Guid(33273ecc531bcc94099d22a2d2b691b6) Importer(815301076,1909f56bfc062723c751e8b465ee728b)
Start importing Assets/Textures/AssetsFoGame/Buffs/knockback_resistance.png using Guid(33273ecc531bcc94099d22a2d2b691b6) Importer(815301076,1909f56bfc062723c751e8b465ee728b)  -> (artifact id: '2e1120c50405eb6d09da996cad14402e') in 0.022442 seconds
Number of updated asset objects reloaded before import = 0
Number of asset objects unloaded after import = 3
========================================================================
Received Import Request.
  Time since last request: 0.000049 seconds.
  path: Assets/Textures/AssetsFoGame/Buffs/enemy_spawn_down.png
  artifactKey: Guid(5673a43050438f8479427a8cd11756e4) Importer(815301076,1909f56bfc062723c751e8b465ee728b)
Start importing Assets/Textures/AssetsFoGame/Buffs/enemy_spawn_down.png using Guid(5673a43050438f8479427a8cd11756e4) Importer(815301076,1909f56bfc062723c751e8b465ee728b)  -> (artifact id: '83cc59c77c210698d2f8376cb9b1f070') in 0.022321 seconds
Number of updated asset objects reloaded before import = 0
Number of asset objects unloaded after import = 3
========================================================================
Received Import Request.
  Time since last request: 0.000039 seconds.
  path: Assets/Textures/AssetsFoGame/Buffs/glow.png
  artifactKey: Guid(5936293037679ca4d9c5b994d14fe62d) Importer(815301076,1909f56bfc062723c751e8b465ee728b)
Start importing Assets/Textures/AssetsFoGame/Buffs/glow.png using Guid(5936293037679ca4d9c5b994d14fe62d) Importer(815301076,1909f56bfc062723c751e8b465ee728b)  -> (artifact id: 'ea357d1ba05176c528129d1488bf4dbc') in 0.021368 seconds
Number of updated asset objects reloaded before import = 0
Number of asset objects unloaded after import = 3
========================================================================
Received Import Request.
  Time since last request: 0.000036 seconds.
  path: Assets/Textures/AssetsFoGame/Buffs/knockback_boost.png
  artifactKey: Guid(5efb3a941b3d70f4aaaaab80331e990d) Importer(815301076,1909f56bfc062723c751e8b465ee728b)
Start importing Assets/Textures/AssetsFoGame/Buffs/knockback_boost.png using Guid(5efb3a941b3d70f4aaaaab80331e990d) Importer(815301076,1909f56bfc062723c751e8b465ee728b)  -> (artifact id: '7d1f338e197c19c945ef737422a25717') in 0.024635 seconds
Number of updated asset objects reloaded before import = 0
Number of asset objects unloaded after import = 3
========================================================================
Received Import Request.
  Time since last request: 0.000024 seconds.
  path: Assets/Textures/AssetsFoGame/Buffs/regeneration.png
  artifactKey: Guid(048db584e9f97ca4e91d38d59523eb22) Importer(815301076,1909f56bfc062723c751e8b465ee728b)
Start importing Assets/Textures/AssetsFoGame/Buffs/regeneration.png using Guid(048db584e9f97ca4e91d38d59523eb22) Importer(815301076,1909f56bfc062723c751e8b465ee728b)  -> (artifact id: '1c33856fb53b4dd4d260f860c1127594') in 0.023861 seconds
Number of updated asset objects reloaded before import = 0
Number of asset objects unloaded after import = 3
========================================================================
Received Import Request.
  Time since last request: 40.887285 seconds.
  path: Assets/Textures/AssetsFoGame/Basic Asset Pack/basic magical animations/glowing wisp/GlowingWisp.aseprite
  artifactKey: Guid(198f7c32667ecaa4b8c931a4d834b0f1) Importer(815301076,1909f56bfc062723c751e8b465ee728b)
Start importing Assets/Textures/AssetsFoGame/Basic Asset Pack/basic magical animations/glowing wisp/GlowingWisp.aseprite using Guid(198f7c32667ecaa4b8c931a4d834b0f1) Importer(815301076,1909f56bfc062723c751e8b465ee728b)  -> (artifact id: 'ec6d8dcb0512ce137b86ac0de54c53ae') in 0.027821 seconds
Number of updated asset objects reloaded before import = 0
Number of asset objects unloaded after import = 15
========================================================================
Received Import Request.
  Time since last request: 18.660858 seconds.
  path: Assets/Textures/AssetsFoGame/Basic Asset Pack/basic magical animations/grizzled treant/GrizzledTreant.aseprite
  artifactKey: Guid(c8e9d2a8fb9d13c468da03151ba56b97) Importer(815301076,1909f56bfc062723c751e8b465ee728b)
Start importing Assets/Textures/AssetsFoGame/Basic Asset Pack/basic magical animations/grizzled treant/GrizzledTreant.aseprite using Guid(c8e9d2a8fb9d13c468da03151ba56b97) Importer(815301076,1909f56bfc062723c751e8b465ee728b)  -> (artifact id: '0dd77e144091e92ecb66147085563c97') in 0.029189 seconds
Number of updated asset objects reloaded before import = 0
Number of asset objects unloaded after import = 15
========================================================================
Received Import Request.
  Time since last request: 0.420068 seconds.
  path: Assets/Textures/AssetsFoGame/Basic Asset Pack/basic magical animations/magical fairy/MagicalFairy.aseprite
  artifactKey: Guid(bcfcc3cbaae10ce4d9cae3a59651a7fc) Importer(815301076,1909f56bfc062723c751e8b465ee728b)
Start importing Assets/Textures/AssetsFoGame/Basic Asset Pack/basic magical animations/magical fairy/MagicalFairy.aseprite using Guid(bcfcc3cbaae10ce4d9cae3a59651a7fc) Importer(815301076,1909f56bfc062723c751e8b465ee728b)  -> (artifact id: 'abc5e15eb3d766b2492a0d39fccc6c03') in 0.048123 seconds
Number of updated asset objects reloaded before import = 0
Number of asset objects unloaded after import = 15
========================================================================
Received Import Request.
  Time since last request: 24.154269 seconds.
  path: Assets/Textures/AssetsFoGame/Animations/goblin fanatic/GoblinFanaticIdleSide.aseprite
  artifactKey: Guid(8e89f7d3e422f374eb2251a8f0d47fb3) Importer(815301076,1909f56bfc062723c751e8b465ee728b)
Start importing Assets/Textures/AssetsFoGame/Animations/goblin fanatic/GoblinFanaticIdleSide.aseprite using Guid(8e89f7d3e422f374eb2251a8f0d47fb3) Importer(815301076,1909f56bfc062723c751e8b465ee728b)  -> (artifact id: '379673d858306ec1f300403771938ff7') in 0.041588 seconds
Number of updated asset objects reloaded before import = 0
Number of asset objects unloaded after import = 15
========================================================================
Received Import Request.
  Time since last request: 44.918960 seconds.
  path: Assets/Textures/AssetsFoGame/16x16/IconSet.png
  artifactKey: Guid(f8a31b691c11f634a83170c05751f484) Importer(815301076,1909f56bfc062723c751e8b465ee728b)
Start importing Assets/Textures/AssetsFoGame/16x16/IconSet.png using Guid(f8a31b691c11f634a83170c05751f484) Importer(815301076,1909f56bfc062723c751e8b465ee728b)  -> (artifact id: '91817a1e993a27ce1f8728e26e4b63ab') in 0.016524 seconds
Number of updated asset objects reloaded before import = 0
Number of asset objects unloaded after import = 2
========================================================================
Received Import Request.
  Time since last request: 19.612823 seconds.
  path: Assets/Textures/AssetsFoGame/16x16/IconSet.png
  artifactKey: Guid(f8a31b691c11f634a83170c05751f484) Importer(815301076,1909f56bfc062723c751e8b465ee728b)
Start importing Assets/Textures/AssetsFoGame/16x16/IconSet.png using Guid(f8a31b691c11f634a83170c05751f484) Importer(815301076,1909f56bfc062723c751e8b465ee728b)  -> (artifact id: 'd8dd1c2dc9cf27a304461dfdd2dbe3f8') in 0.636964 seconds
Number of updated asset objects reloaded before import = 0
Number of asset objects unloaded after import = 291
========================================================================
Received Import Request.
  Time since last request: 265.211471 seconds.
  path: Assets/Textures/AssetsFoGame/2D Pixel Dungeon Asset Pack/items and trap_animation
  artifactKey: Guid(d964389d553f0004c9ec7b26e8f3456f) Importer(815301076,1909f56bfc062723c751e8b465ee728b)
Start importing Assets/Textures/AssetsFoGame/2D Pixel Dungeon Asset Pack/items and trap_animation using Guid(d964389d553f0004c9ec7b26e8f3456f) Importer(815301076,1909f56bfc062723c751e8b465ee728b)  -> (artifact id: '6fcb650a70c8ca66c12609bbc2f107c2') in 0.000634 seconds
Number of updated asset objects reloaded before import = 0
Number of asset objects unloaded after import = 0
========================================================================
Received Import Request.
  Time since last request: 2.843132 seconds.
  path: Assets/Textures/AssetsFoGame/2D Pixel Dungeon Asset Pack/character and tileset
  artifactKey: Guid(306a8290301b6f14ea21860582a01aab) Importer(815301076,1909f56bfc062723c751e8b465ee728b)
Start importing Assets/Textures/AssetsFoGame/2D Pixel Dungeon Asset Pack/character and tileset using Guid(306a8290301b6f14ea21860582a01aab) Importer(815301076,1909f56bfc062723c751e8b465ee728b)  -> (artifact id: '1278255098abec12027cd73c191163f2') in 0.000475 seconds
Number of updated asset objects reloaded before import = 0
Number of asset objects unloaded after import = 0
========================================================================
Received Import Request.
  Time since last request: 0.103702 seconds.
  path: Assets/Textures/AssetsFoGame/2D Pixel Dungeon Asset Pack/character and tileset/demonstration.png
  artifactKey: Guid(fb129e359f4ca1447885b5d4c7d42ab0) Importer(815301076,1909f56bfc062723c751e8b465ee728b)
Start importing Assets/Textures/AssetsFoGame/2D Pixel Dungeon Asset Pack/character and tileset/demonstration.png using Guid(fb129e359f4ca1447885b5d4c7d42ab0) Importer(815301076,1909f56bfc062723c751e8b465ee728b)  -> (artifact id: 'a57c56d2190cddb4b3c3e02e6fd0f3c9') in 0.021998 seconds
Number of updated asset objects reloaded before import = 0
Number of asset objects unloaded after import = 3
========================================================================
Received Import Request.
  Time since last request: 0.000021 seconds.
  path: Assets/Textures/AssetsFoGame/2D Pixel Dungeon Asset Pack/character and tileset/Dungeon_Tileset.png
  artifactKey: Guid(a37627b8ab596524e8b7988e9f3b9685) Importer(815301076,1909f56bfc062723c751e8b465ee728b)
Start importing Assets/Textures/AssetsFoGame/2D Pixel Dungeon Asset Pack/character and tileset/Dungeon_Tileset.png using Guid(a37627b8ab596524e8b7988e9f3b9685) Importer(815301076,1909f56bfc062723c751e8b465ee728b)  -> (artifact id: 'b2cdf85944985c82c5c9f73c2b8d0321') in 0.022798 seconds
Number of updated asset objects reloaded before import = 0
Number of asset objects unloaded after import = 3
========================================================================
Received Import Request.
  Time since last request: 5.882481 seconds.
  path: Assets/Textures/AssetsFoGame/2D Pixel Dungeon Asset Pack/Character_animation/monsters_idle
  artifactKey: Guid(cf7979881f1f3c04f8cc0491e3c08e8a) Importer(815301076,1909f56bfc062723c751e8b465ee728b)
Start importing Assets/Textures/AssetsFoGame/2D Pixel Dungeon Asset Pack/Character_animation/monsters_idle using Guid(cf7979881f1f3c04f8cc0491e3c08e8a) Importer(815301076,1909f56bfc062723c751e8b465ee728b)  -> (artifact id: 'e5b24bfc174c7326546c7a5a5db5ea7a') in 0.000595 seconds
Number of updated asset objects reloaded before import = 0
Number of asset objects unloaded after import = 0
========================================================================
Received Import Request.
  Time since last request: 7.930677 seconds.
  path: Assets/Textures/AssetsFoGame/2D Pixel Dungeon Asset Pack/items and trap_animation/arrow
  artifactKey: Guid(1da97b45b8801764badd5ebad3a1fa51) Importer(815301076,1909f56bfc062723c751e8b465ee728b)
Start importing Assets/Textures/AssetsFoGame/2D Pixel Dungeon Asset Pack/items and trap_animation/arrow using Guid(1da97b45b8801764badd5ebad3a1fa51) Importer(815301076,1909f56bfc062723c751e8b465ee728b)  -> (artifact id: 'e441e0d748a6276277cc832dfc1ea274') in 0.000581 seconds
Number of updated asset objects reloaded before import = 0
Number of asset objects unloaded after import = 0
========================================================================
Received Import Request.
  Time since last request: 0.070259 seconds.
  path: Assets/Textures/AssetsFoGame/2D Pixel Dungeon Asset Pack/items and trap_animation/arrow/arrow_1.png
  artifactKey: Guid(401c809e8f3783848af242e9b38a105d) Importer(815301076,1909f56bfc062723c751e8b465ee728b)
Start importing Assets/Textures/AssetsFoGame/2D Pixel Dungeon Asset Pack/items and trap_animation/arrow/arrow_1.png using Guid(401c809e8f3783848af242e9b38a105d) Importer(815301076,1909f56bfc062723c751e8b465ee728b)  -> (artifact id: '2d6953f78646dfa25f186dfceccfcd97') in 0.021764 seconds
Number of updated asset objects reloaded before import = 0
Number of asset objects unloaded after import = 3
========================================================================
Received Import Request.
  Time since last request: 0.000021 seconds.
  path: Assets/Textures/AssetsFoGame/2D Pixel Dungeon Asset Pack/items and trap_animation/arrow/arrow_4.png
  artifactKey: Guid(807dfa5b488c57c4394eb920378c6baa) Importer(815301076,1909f56bfc062723c751e8b465ee728b)
Start importing Assets/Textures/AssetsFoGame/2D Pixel Dungeon Asset Pack/items and trap_animation/arrow/arrow_4.png using Guid(807dfa5b488c57c4394eb920378c6baa) Importer(815301076,1909f56bfc062723c751e8b465ee728b)  -> (artifact id: '529c3a3779590490feb5c12e48157999') in 0.069406 seconds
Number of updated asset objects reloaded before import = 0
Number of asset objects unloaded after import = 3
========================================================================
Received Import Request.
  Time since last request: 3.083201 seconds.
  path: Assets/Textures/AssetsFoGame/2D Pixel Dungeon Asset Pack/interface/arrow_1.png
  artifactKey: Guid(ef407c25e5eb4ef4d962302972ea83b1) Importer(815301076,1909f56bfc062723c751e8b465ee728b)
Start importing Assets/Textures/AssetsFoGame/2D Pixel Dungeon Asset Pack/interface/arrow_1.png using Guid(ef407c25e5eb4ef4d962302972ea83b1) Importer(815301076,1909f56bfc062723c751e8b465ee728b)  -> (artifact id: '6780eba458d68b478526c2a82845b686') in 0.015486 seconds
Number of updated asset objects reloaded before import = 0
Number of asset objects unloaded after import = 3
========================================================================
Received Import Request.
  Time since last request: 0.002864 seconds.
  path: Assets/Textures/AssetsFoGame/2D Pixel Dungeon Asset Pack/interface/arrow_4.png
  artifactKey: Guid(15c8dca41b39b6948a3de30e7c62b89d) Importer(815301076,1909f56bfc062723c751e8b465ee728b)
Start importing Assets/Textures/AssetsFoGame/2D Pixel Dungeon Asset Pack/interface/arrow_4.png using Guid(15c8dca41b39b6948a3de30e7c62b89d) Importer(815301076,1909f56bfc062723c751e8b465ee728b)  -> (artifact id: '883e60e7c0e907c20acbd4ef66819b3d') in 0.020007 seconds
Number of updated asset objects reloaded before import = 0
Number of asset objects unloaded after import = 3
========================================================================
Received Import Request.
  Time since last request: 0.000022 seconds.
  path: Assets/Textures/AssetsFoGame/2D Pixel Dungeon Asset Pack/interface/square_up_down_3.png
  artifactKey: Guid(0f84caba8d8fd31499ccdacfddfa5a52) Importer(815301076,1909f56bfc062723c751e8b465ee728b)
Start importing Assets/Textures/AssetsFoGame/2D Pixel Dungeon Asset Pack/interface/square_up_down_3.png using Guid(0f84caba8d8fd31499ccdacfddfa5a52) Importer(815301076,1909f56bfc062723c751e8b465ee728b)  -> (artifact id: '5c9f565cdd3d4272073bac8389c482aa') in 0.017431 seconds
Number of updated asset objects reloaded before import = 0
Number of asset objects unloaded after import = 3
========================================================================
Received Import Request.
  Time since last request: 0.000018 seconds.
  path: Assets/Textures/AssetsFoGame/2D Pixel Dungeon Asset Pack/interface/square_up_down_1.png
  artifactKey: Guid(ec648910cd9c8ef41820edec5c1efde5) Importer(815301076,1909f56bfc062723c751e8b465ee728b)
Start importing Assets/Textures/AssetsFoGame/2D Pixel Dungeon Asset Pack/interface/square_up_down_1.png using Guid(ec648910cd9c8ef41820edec5c1efde5) Importer(815301076,1909f56bfc062723c751e8b465ee728b)  -> (artifact id: '4a76a71c6bf53b3ad8f276a313efe8b0') in 0.018995 seconds
Number of updated asset objects reloaded before import = 0
Number of asset objects unloaded after import = 3
========================================================================
Received Import Request.
  Time since last request: 0.000020 seconds.
  path: Assets/Textures/AssetsFoGame/2D Pixel Dungeon Asset Pack/interface/square_left_2_4.png
  artifactKey: Guid(30da0aa5a248ed340bbc3e98fd2cf11f) Importer(815301076,1909f56bfc062723c751e8b465ee728b)
Start importing Assets/Textures/AssetsFoGame/2D Pixel Dungeon Asset Pack/interface/square_left_2_4.png using Guid(30da0aa5a248ed340bbc3e98fd2cf11f) Importer(815301076,1909f56bfc062723c751e8b465ee728b)  -> (artifact id: 'fba87c33d7d770ae98e404c20e2dbe59') in 0.018620 seconds
Number of updated asset objects reloaded before import = 0
Number of asset objects unloaded after import = 3
========================================================================
Received Import Request.
  Time since last request: 0.000058 seconds.
  path: Assets/Textures/AssetsFoGame/2D Pixel Dungeon Asset Pack/interface/square_right_4.png
  artifactKey: Guid(3c09f1f274cc3504582c9f0f5133a12e) Importer(815301076,1909f56bfc062723c751e8b465ee728b)
Start importing Assets/Textures/AssetsFoGame/2D Pixel Dungeon Asset Pack/interface/square_right_4.png using Guid(3c09f1f274cc3504582c9f0f5133a12e) Importer(815301076,1909f56bfc062723c751e8b465ee728b)  -> (artifact id: '5866ceb55f08d812a6082a952c4a818e') in 0.026726 seconds
Number of updated asset objects reloaded before import = 0
Number of asset objects unloaded after import = 3
========================================================================
Received Import Request.
  Time since last request: 0.000031 seconds.
  path: Assets/Textures/AssetsFoGame/2D Pixel Dungeon Asset Pack/interface/square_left_2_1.png
  artifactKey: Guid(2e48b83a2afc3b842b8d1a2863f59063) Importer(815301076,1909f56bfc062723c751e8b465ee728b)
Start importing Assets/Textures/AssetsFoGame/2D Pixel Dungeon Asset Pack/interface/square_left_2_1.png using Guid(2e48b83a2afc3b842b8d1a2863f59063) Importer(815301076,1909f56bfc062723c751e8b465ee728b)  -> (artifact id: '26bb6723f3facc1322bb6f502986a688') in 0.021196 seconds
Number of updated asset objects reloaded before import = 0
Number of asset objects unloaded after import = 3
========================================================================
Received Import Request.
  Time since last request: 0.000024 seconds.
  path: Assets/Textures/AssetsFoGame/2D Pixel Dungeon Asset Pack/interface/square_left_2.png
  artifactKey: Guid(6080717c21311414990ff2efc210c0a1) Importer(815301076,1909f56bfc062723c751e8b465ee728b)
Start importing Assets/Textures/AssetsFoGame/2D Pixel Dungeon Asset Pack/interface/square_left_2.png using Guid(6080717c21311414990ff2efc210c0a1) Importer(815301076,1909f56bfc062723c751e8b465ee728b)  -> (artifact id: 'fa18440f711ba8532781b5f1491eb64a') in 0.019018 seconds
Number of updated asset objects reloaded before import = 0
Number of asset objects unloaded after import = 3
========================================================================
Received Import Request.
  Time since last request: 0.000029 seconds.
  path: Assets/Textures/AssetsFoGame/2D Pixel Dungeon Asset Pack/interface/square_right_2_4.png
  artifactKey: Guid(b38070b66fdcb4242b440ca6200f8f5f) Importer(815301076,1909f56bfc062723c751e8b465ee728b)
Start importing Assets/Textures/AssetsFoGame/2D Pixel Dungeon Asset Pack/interface/square_right_2_4.png using Guid(b38070b66fdcb4242b440ca6200f8f5f) Importer(815301076,1909f56bfc062723c751e8b465ee728b)  -> (artifact id: '5b06563a4d6ea36bcdaa766fd94a8ab6') in 0.019803 seconds
Number of updated asset objects reloaded before import = 0
Number of asset objects unloaded after import = 3
========================================================================
Received Import Request.
  Time since last request: 0.000025 seconds.
  path: Assets/Textures/AssetsFoGame/2D Pixel Dungeon Asset Pack/interface/square_left_4.png
  artifactKey: Guid(1804ef849d4bbf147bd1c2ac8a9197e2) Importer(815301076,1909f56bfc062723c751e8b465ee728b)
Start importing Assets/Textures/AssetsFoGame/2D Pixel Dungeon Asset Pack/interface/square_left_4.png using Guid(1804ef849d4bbf147bd1c2ac8a9197e2) Importer(815301076,1909f56bfc062723c751e8b465ee728b)  -> (artifact id: 'e726db6e5d30758d8faca3cc27f294fe') in 0.019161 seconds
Number of updated asset objects reloaded before import = 0
Number of asset objects unloaded after import = 3
========================================================================
Received Import Request.
  Time since last request: 0.000021 seconds.
  path: Assets/Textures/AssetsFoGame/2D Pixel Dungeon Asset Pack/interface/square_right_2.png
  artifactKey: Guid(0cea3d3c4d0801747b724ddf9c2a65a0) Importer(815301076,1909f56bfc062723c751e8b465ee728b)
Start importing Assets/Textures/AssetsFoGame/2D Pixel Dungeon Asset Pack/interface/square_right_2.png using Guid(0cea3d3c4d0801747b724ddf9c2a65a0) Importer(815301076,1909f56bfc062723c751e8b465ee728b)  -> (artifact id: 'f3b66dd7c82a5283cb3ebe3a83cdd9b1') in 0.017248 seconds
Number of updated asset objects reloaded before import = 0
Number of asset objects unloaded after import = 3
========================================================================
Received Import Request.
  Time since last request: 0.000028 seconds.
  path: Assets/Textures/AssetsFoGame/2D Pixel Dungeon Asset Pack/interface/square_right_2_1.png
  artifactKey: Guid(57687be3d1acbf14a907547d80e5154d) Importer(815301076,1909f56bfc062723c751e8b465ee728b)
Start importing Assets/Textures/AssetsFoGame/2D Pixel Dungeon Asset Pack/interface/square_right_2_1.png using Guid(57687be3d1acbf14a907547d80e5154d) Importer(815301076,1909f56bfc062723c751e8b465ee728b)  -> (artifact id: '028599433a346f9293dee2400318031e') in 0.018640 seconds
Number of updated asset objects reloaded before import = 0
Number of asset objects unloaded after import = 3
========================================================================
Received Import Request.
  Time since last request: 1.563588 seconds.
  path: Assets/Textures/AssetsFoGame/2D Pixel Dungeon Asset Pack/items and trap_animation/box_1
  artifactKey: Guid(515d83d6021154c4d9d2df5dafe22f10) Importer(815301076,1909f56bfc062723c751e8b465ee728b)
Start importing Assets/Textures/AssetsFoGame/2D Pixel Dungeon Asset Pack/items and trap_animation/box_1 using Guid(515d83d6021154c4d9d2df5dafe22f10) Importer(815301076,1909f56bfc062723c751e8b465ee728b)  -> (artifact id: '69bb99e8aa0a90646bc70b62b27f5f15') in 0.000585 seconds
Number of updated asset objects reloaded before import = 0
Number of asset objects unloaded after import = 0
========================================================================
Received Import Request.
  Time since last request: 2.277760 seconds.
  path: Assets/Textures/AssetsFoGame/2D Pixel Dungeon Asset Pack/items and trap_animation/box_1/box_1_1.png
  artifactKey: Guid(ebd2ae370484c2449a0a7eefbfb56bd8) Importer(815301076,1909f56bfc062723c751e8b465ee728b)
Start importing Assets/Textures/AssetsFoGame/2D Pixel Dungeon Asset Pack/items and trap_animation/box_1/box_1_1.png using Guid(ebd2ae370484c2449a0a7eefbfb56bd8) Importer(815301076,1909f56bfc062723c751e8b465ee728b)  -> (artifact id: '55f143da5ab2d2c29842b2a641a46c81') in 0.025087 seconds
Number of updated asset objects reloaded before import = 0
Number of asset objects unloaded after import = 3
========================================================================
Received Import Request.
  Time since last request: 0.000022 seconds.
  path: Assets/Textures/AssetsFoGame/2D Pixel Dungeon Asset Pack/items and trap_animation/box_1/box_1_4.png
  artifactKey: Guid(ce5595cd234da154991a1bc9de26089a) Importer(815301076,1909f56bfc062723c751e8b465ee728b)
Start importing Assets/Textures/AssetsFoGame/2D Pixel Dungeon Asset Pack/items and trap_animation/box_1/box_1_4.png using Guid(ce5595cd234da154991a1bc9de26089a) Importer(815301076,1909f56bfc062723c751e8b465ee728b)  -> (artifact id: '7217bead07d813c03e6127bd5641dc18') in 0.018999 seconds
Number of updated asset objects reloaded before import = 0
Number of asset objects unloaded after import = 3
========================================================================
Received Import Request.
  Time since last request: 9.001262 seconds.
  path: Assets/Textures/AssetsFoGame/2D Pixel Dungeon Asset Pack/items and trap_animation/box_1/box_1_4.png
  artifactKey: Guid(ce5595cd234da154991a1bc9de26089a) Importer(815301076,1909f56bfc062723c751e8b465ee728b)
Start importing Assets/Textures/AssetsFoGame/2D Pixel Dungeon Asset Pack/items and trap_animation/box_1/box_1_4.png using Guid(ce5595cd234da154991a1bc9de26089a) Importer(815301076,1909f56bfc062723c751e8b465ee728b)  -> (artifact id: 'd9a2db85a130ba0f4db5b4959a9ecfed') in 0.014781 seconds
Number of updated asset objects reloaded before import = 0
Number of asset objects unloaded after import = 3
========================================================================
Received Import Request.
  Time since last request: 0.007091 seconds.
  path: Assets/Textures/AssetsFoGame/2D Pixel Dungeon Asset Pack/items and trap_animation/box_1/box_1_1.png
  artifactKey: Guid(ebd2ae370484c2449a0a7eefbfb56bd8) Importer(815301076,1909f56bfc062723c751e8b465ee728b)
Start importing Assets/Textures/AssetsFoGame/2D Pixel Dungeon Asset Pack/items and trap_animation/box_1/box_1_1.png using Guid(ebd2ae370484c2449a0a7eefbfb56bd8) Importer(815301076,1909f56bfc062723c751e8b465ee728b)  -> (artifact id: '322421fa4c0235450e55f06638f5dccd') in 0.017601 seconds
Number of updated asset objects reloaded before import = 0
Number of asset objects unloaded after import = 3
