Using pre-set license
Built from '2022.3/staging' branch; Version is '2022.3.16f1 (d2c21f0ef2f1) revision 13812255'; Using compiler version '192829333'; Build Type 'Release'
OS: 'Windows 10  (10.0.19045) 64bit Professional' Language: 'ru' Physical Memory: 16314 MB
BatchMode: 1, IsHumanControllingUs: 0, StartBugReporterOnCrash: 0, Is64bit: 1, IsPro: 1

COMMAND LINE ARGUMENTS:
D:\Programm\UNITY\2022.3.16f1\Editor\Unity.exe
-adb2
-batchMode
-noUpm
-name
AssetImportWorker8
-projectPath
D:/Playcreate/ProjectU/Level Creation
-logFile
Logs/AssetImportWorker8.log
-srvPort
50667
Successfully changed project path to: D:/Playcreate/ProjectU/Level Creation
D:/Playcreate/ProjectU/Level Creation
[UnityMemory] Configuration Parameters - Can be set up in boot.config
    "memorysetup-bucket-allocator-granularity=16"
    "memorysetup-bucket-allocator-bucket-count=8"
    "memorysetup-bucket-allocator-block-size=33554432"
    "memorysetup-bucket-allocator-block-count=8"
    "memorysetup-main-allocator-block-size=16777216"
    "memorysetup-thread-allocator-block-size=16777216"
    "memorysetup-gfx-main-allocator-block-size=16777216"
    "memorysetup-gfx-thread-allocator-block-size=16777216"
    "memorysetup-cache-allocator-block-size=4194304"
    "memorysetup-typetree-allocator-block-size=2097152"
    "memorysetup-profiler-bucket-allocator-granularity=16"
    "memorysetup-profiler-bucket-allocator-bucket-count=8"
    "memorysetup-profiler-bucket-allocator-block-size=33554432"
    "memorysetup-profiler-bucket-allocator-block-count=8"
    "memorysetup-profiler-allocator-block-size=16777216"
    "memorysetup-profiler-editor-allocator-block-size=1048576"
    "memorysetup-temp-allocator-size-main=16777216"
    "memorysetup-job-temp-allocator-block-size=2097152"
    "memorysetup-job-temp-allocator-block-size-background=1048576"
    "memorysetup-job-temp-allocator-reduction-small-platforms=262144"
    "memorysetup-allocator-temp-initial-block-size-main=262144"
    "memorysetup-allocator-temp-initial-block-size-worker=262144"
    "memorysetup-temp-allocator-size-background-worker=32768"
    "memorysetup-temp-allocator-size-job-worker=262144"
    "memorysetup-temp-allocator-size-preload-manager=33554432"
    "memorysetup-temp-allocator-size-nav-mesh-worker=65536"
    "memorysetup-temp-allocator-size-audio-worker=65536"
    "memorysetup-temp-allocator-size-cloud-worker=32768"
    "memorysetup-temp-allocator-size-gi-baking-worker=262144"
    "memorysetup-temp-allocator-size-gfx=262144"
Player connection [6564] Host "[IP] 192.168.0.34 [Port] 0 [Flags] 2 [Guid] 79567968 [EditorId] 79567968 [Version] 1048832 [Id] WindowsEditor(7,DESKTOP-745I0C4) [Debug] 1 [PackageName] WindowsEditor [ProjectName] Editor" joined multi-casting on [225.0.0.222:54997]...

Player connection [6564] Host "[IP] 192.168.0.34 [Port] 0 [Flags] 2 [Guid] 79567968 [EditorId] 79567968 [Version] 1048832 [Id] WindowsEditor(7,DESKTOP-745I0C4) [Debug] 1 [PackageName] WindowsEditor [ProjectName] Editor" joined alternative multi-casting on [225.0.0.222:34997]...

[Physics::Module] Initialized MultithreadedJobDispatcher with 11 workers.
Refreshing native plugins compatible for Editor in 12.34 ms, found 2 plugins.
Preloading 0 native plugins for Editor in 0.00 ms.
Initialize engine version: 2022.3.16f1 (d2c21f0ef2f1)
[Subsystems] Discovering subsystems at path D:/Programm/UNITY/2022.3.16f1/Editor/Data/Resources/UnitySubsystems
[Subsystems] Discovering subsystems at path D:/Playcreate/ProjectU/Level Creation/Assets
GfxDevice: creating device client; threaded=0; jobified=0
Direct3D:
    Version:  Direct3D 11.0 [level 11.1]
    Renderer: NVIDIA GeForce GTX 1650 SUPER (ID=0x2187)
    Vendor:   NVIDIA
    VRAM:     3943 MB
    Driver:   31.0.15.4584
Initialize mono
Mono path[0] = 'D:/Programm/UNITY/2022.3.16f1/Editor/Data/Managed'
Mono path[1] = 'D:/Programm/UNITY/2022.3.16f1/Editor/Data/MonoBleedingEdge/lib/mono/unityjit-win32'
Mono config path = 'D:/Programm/UNITY/2022.3.16f1/Editor/Data/MonoBleedingEdge/etc'
Using monoOptions --debugger-agent=transport=dt_socket,embedding=1,server=y,suspend=n,address=127.0.0.1:56060
Begin MonoManager ReloadAssembly
Registering precompiled unity dll's ...
Register platform support module: D:/Programm/UNITY/2022.3.16f1/Editor/Data/PlaybackEngines/WindowsStandaloneSupport/UnityEditor.WindowsStandalone.Extensions.dll
Registered in 0.005599 seconds.
- Loaded All Assemblies, in  0.465 seconds
Native extension for WindowsStandalone target not found
Mono: successfully reloaded assembly
- Finished resetting the current domain, in  0.375 seconds
Domain Reload Profiling: 839ms
	BeginReloadAssembly (159ms)
		ExecutionOrderSort (0ms)
		DisableScriptedObjects (0ms)
		BackupInstance (0ms)
		ReleaseScriptingObjects (0ms)
		CreateAndSetChildDomain (1ms)
	RebuildCommonClasses (49ms)
	RebuildNativeTypeToScriptingClass (13ms)
	initialDomainReloadingComplete (64ms)
	LoadAllAssembliesAndSetupDomain (178ms)
		LoadAssemblies (159ms)
		RebuildTransferFunctionScriptingTraits (0ms)
		AnalyzeDomain (175ms)
			TypeCache.Refresh (173ms)
				TypeCache.ScanAssembly (158ms)
			ScanForSourceGeneratedMonoScriptInfo (0ms)
			ResolveRequiredComponents (1ms)
	FinalizeReload (375ms)
		ReleaseScriptCaches (0ms)
		RebuildScriptCaches (0ms)
		SetupLoadedEditorAssemblies (299ms)
			LogAssemblyErrors (0ms)
			InitializePlatformSupportModulesInManaged (10ms)
			SetLoadedEditorAssemblies (10ms)
			RefreshPlugins (0ms)
			BeforeProcessingInitializeOnLoad (3ms)
			ProcessInitializeOnLoadAttributes (203ms)
			ProcessInitializeOnLoadMethodAttributes (74ms)
			AfterProcessingInitializeOnLoad (0ms)
			EditorAssembliesLoaded (0ms)
		ExecutionOrderSort2 (0ms)
		AwakeInstancesAfterBackupRestoration (0ms)
========================================================================
Worker process is ready to serve import requests
Begin MonoManager ReloadAssembly
- Loaded All Assemblies, in  0.772 seconds
Refreshing native plugins compatible for Editor in 3.63 ms, found 2 plugins.
Native extension for WindowsStandalone target not found
Mono: successfully reloaded assembly
- Finished resetting the current domain, in  0.658 seconds
Domain Reload Profiling: 1429ms
	BeginReloadAssembly (215ms)
		ExecutionOrderSort (0ms)
		DisableScriptedObjects (7ms)
		BackupInstance (0ms)
		ReleaseScriptingObjects (0ms)
		CreateAndSetChildDomain (28ms)
	RebuildCommonClasses (48ms)
	RebuildNativeTypeToScriptingClass (14ms)
	initialDomainReloadingComplete (53ms)
	LoadAllAssembliesAndSetupDomain (441ms)
		LoadAssemblies (390ms)
		RebuildTransferFunctionScriptingTraits (0ms)
		AnalyzeDomain (187ms)
			TypeCache.Refresh (150ms)
				TypeCache.ScanAssembly (132ms)
			ScanForSourceGeneratedMonoScriptInfo (30ms)
			ResolveRequiredComponents (6ms)
	FinalizeReload (659ms)
		ReleaseScriptCaches (0ms)
		RebuildScriptCaches (0ms)
		SetupLoadedEditorAssemblies (445ms)
			LogAssemblyErrors (0ms)
			InitializePlatformSupportModulesInManaged (7ms)
			SetLoadedEditorAssemblies (5ms)
			RefreshPlugins (0ms)
			BeforeProcessingInitializeOnLoad (87ms)
			ProcessInitializeOnLoadAttributes (290ms)
			ProcessInitializeOnLoadMethodAttributes (52ms)
			AfterProcessingInitializeOnLoad (5ms)
			EditorAssembliesLoaded (0ms)
		ExecutionOrderSort2 (0ms)
		AwakeInstancesAfterBackupRestoration (12ms)
Launched and connected shader compiler UnityShaderCompiler.exe after 0.07 seconds
Refreshing native plugins compatible for Editor in 4.69 ms, found 2 plugins.
Preloading 0 native plugins for Editor in 0.00 ms.
Unloading 3716 Unused Serialized files (Serialized files now loaded: 0)
Unloading 55 unused Assets / (57.5 KB). Loaded Objects now: 4185.
Memory consumption went from 137.8 MB to 137.8 MB.
Total: 5.173500 ms (FindLiveObjects: 0.369200 ms CreateObjectMapping: 0.100300 ms MarkObjects: 4.558700 ms  DeleteObjects: 0.143800 ms)

AssetImportParameters requested are different than current active one (requested -> active):
  custom:container-demuxer-ogg: 62fdf1f143b41e24485cea50d1cbac27 -> 
  custom:video-decoder-ogg-theora: a1e56fd34408186e4bbccfd4996cb3dc -> 
  custom:framework-win-MediaFoundation: 216162199b28c13a410421893ffa2e32 -> 
  custom:CustomObjectIndexerAttribute: 43b350a4d6e6d1791af0b5038c4bea17 -> 
  custom:container-demuxer-webm: 4f35f7cbe854078d1ac9338744f61a02 -> 
  custom:container-muxer-webm: aa71ff27fc2769a1b78a27578f13a17b -> 
  custom:video-decoder-webm-vp8: 9c59270c3fd7afecdb556c50c9e8de78 -> 
  custom:SearchIndexIgnoredProperties: e643bd26f0fe6173181afceb89e7c659 -> 
  custom:AudioImporter_EditorPlatform: d09bf68614088b80899f8185d706f6e7 -> 
  custom:video-encoder-webm-vp8: eb34c28f22e8b96e1ab97ce403110664 -> 
  custom:audio-decoder-ogg-vorbis: bf7c407c2cedff20999df2af8eb42d56 -> 
  custom:audio-encoder-webm-vorbis: bf7c407c2cedff20999df2af8eb42d56 -> 
========================================================================
Received Import Request.
  Time since last request: 67856.188634 seconds.
  path: Assets/Textures/AssetsFoGame/Basic Asset Pack/basic magical animations/glowing wisp/GlowingWisp.gif
  artifactKey: Guid(44771309bfd1dd84d81801a74308d2a9) Importer(815301076,1909f56bfc062723c751e8b465ee728b)
Start importing Assets/Textures/AssetsFoGame/Basic Asset Pack/basic magical animations/glowing wisp/GlowingWisp.gif using Guid(44771309bfd1dd84d81801a74308d2a9) Importer(815301076,1909f56bfc062723c751e8b465ee728b)  -> (artifact id: '14a5bfaf6f1b189bb7ea768aa7d763d9') in 0.117759 seconds
Number of updated asset objects reloaded before import = 0
Number of asset objects unloaded after import = 3
========================================================================
Received Import Request.
  Time since last request: 18.568999 seconds.
  path: Assets/Textures/AssetsFoGame/Basic Asset Pack/basic magical animations/grizzled treant/GrizzledTreant.gif
  artifactKey: Guid(8ed303cecdec2b14fb2e4a64af80d091) Importer(815301076,1909f56bfc062723c751e8b465ee728b)
Start importing Assets/Textures/AssetsFoGame/Basic Asset Pack/basic magical animations/grizzled treant/GrizzledTreant.gif using Guid(8ed303cecdec2b14fb2e4a64af80d091) Importer(815301076,1909f56bfc062723c751e8b465ee728b)  -> (artifact id: 'e0ff90a433551552bac740a50f8f31ea') in 0.020969 seconds
Number of updated asset objects reloaded before import = 0
Number of asset objects unloaded after import = 3
========================================================================
Received Import Request.
  Time since last request: 0.427736 seconds.
  path: Assets/Textures/AssetsFoGame/Basic Asset Pack/basic magical animations/magical fairy/MagicalFairy.gif
  artifactKey: Guid(2ddb4d881331b054f90f3a8a64d30a18) Importer(815301076,1909f56bfc062723c751e8b465ee728b)
Start importing Assets/Textures/AssetsFoGame/Basic Asset Pack/basic magical animations/magical fairy/MagicalFairy.gif using Guid(2ddb4d881331b054f90f3a8a64d30a18) Importer(815301076,1909f56bfc062723c751e8b465ee728b)  -> (artifact id: 'e57b42e2e48ff00e8d41e84e4f3ae64d') in 0.037535 seconds
Number of updated asset objects reloaded before import = 0
Number of asset objects unloaded after import = 3
========================================================================
Received Import Request.
  Time since last request: 24.165218 seconds.
  path: Assets/Textures/AssetsFoGame/Animations/goblin fanatic/GoblinFanaticIdleSide.gif
  artifactKey: Guid(20981394e77f86349853a1e8077709bf) Importer(815301076,1909f56bfc062723c751e8b465ee728b)
Start importing Assets/Textures/AssetsFoGame/Animations/goblin fanatic/GoblinFanaticIdleSide.gif using Guid(20981394e77f86349853a1e8077709bf) Importer(815301076,1909f56bfc062723c751e8b465ee728b)  -> (artifact id: 'aea9f48cdeda5ce605aa6730bb00ba30') in 0.020520 seconds
Number of updated asset objects reloaded before import = 0
Number of asset objects unloaded after import = 3
========================================================================
Received Import Request.
  Time since last request: 333.370492 seconds.
  path: Assets/Textures/AssetsFoGame/2D Pixel Dungeon Asset Pack/character and tileset/Dungeon_Character.png
  artifactKey: Guid(800f60741a246b84692b0380946e4283) Importer(815301076,1909f56bfc062723c751e8b465ee728b)
Start importing Assets/Textures/AssetsFoGame/2D Pixel Dungeon Asset Pack/character and tileset/Dungeon_Character.png using Guid(800f60741a246b84692b0380946e4283) Importer(815301076,1909f56bfc062723c751e8b465ee728b)  -> (artifact id: 'aeb3df7fc15106eab2f23f6b3dfaad1b') in 0.023024 seconds
Number of updated asset objects reloaded before import = 0
Number of asset objects unloaded after import = 3
========================================================================
Received Import Request.
  Time since last request: 0.000040 seconds.
  path: Assets/Textures/AssetsFoGame/2D Pixel Dungeon Asset Pack/character and tileset/Dungeon_Character_2.png
  artifactKey: Guid(87ace93be184ba145b469fc04123dca8) Importer(815301076,1909f56bfc062723c751e8b465ee728b)
Start importing Assets/Textures/AssetsFoGame/2D Pixel Dungeon Asset Pack/character and tileset/Dungeon_Character_2.png using Guid(87ace93be184ba145b469fc04123dca8) Importer(815301076,1909f56bfc062723c751e8b465ee728b)  -> (artifact id: '7547bff194c9d98fa1e88e3885b87f56') in 0.019402 seconds
Number of updated asset objects reloaded before import = 0
Number of asset objects unloaded after import = 3
========================================================================
Received Import Request.
  Time since last request: 13.887476 seconds.
  path: Assets/Textures/AssetsFoGame/2D Pixel Dungeon Asset Pack/items and trap_animation/arrow/arrow_2.png
  artifactKey: Guid(df5b80ee7d69c0447bf6611a8ecdda11) Importer(815301076,1909f56bfc062723c751e8b465ee728b)
Start importing Assets/Textures/AssetsFoGame/2D Pixel Dungeon Asset Pack/items and trap_animation/arrow/arrow_2.png using Guid(df5b80ee7d69c0447bf6611a8ecdda11) Importer(815301076,1909f56bfc062723c751e8b465ee728b)  -> (artifact id: 'b64209f17bf86258cea2d15279db7427') in 0.019204 seconds
Number of updated asset objects reloaded before import = 0
Number of asset objects unloaded after import = 3
========================================================================
Received Import Request.
  Time since last request: 0.000037 seconds.
  path: Assets/Textures/AssetsFoGame/2D Pixel Dungeon Asset Pack/items and trap_animation/arrow/Just_arrow.png
  artifactKey: Guid(d5f64ca4492d34a4ea28d3d00434fa31) Importer(815301076,1909f56bfc062723c751e8b465ee728b)
Start importing Assets/Textures/AssetsFoGame/2D Pixel Dungeon Asset Pack/items and trap_animation/arrow/Just_arrow.png using Guid(d5f64ca4492d34a4ea28d3d00434fa31) Importer(815301076,1909f56bfc062723c751e8b465ee728b)  -> (artifact id: '86d8f4ee80dc2a1f3bf3a6c434ddb5d3') in 0.063329 seconds
Number of updated asset objects reloaded before import = 0
Number of asset objects unloaded after import = 3
========================================================================
Received Import Request.
  Time since last request: 0.000028 seconds.
  path: Assets/Textures/AssetsFoGame/2D Pixel Dungeon Asset Pack/items and trap_animation/arrow/arrow_3.png
  artifactKey: Guid(2907fbbb5514b044fb47e8c788b5148f) Importer(815301076,1909f56bfc062723c751e8b465ee728b)
Start importing Assets/Textures/AssetsFoGame/2D Pixel Dungeon Asset Pack/items and trap_animation/arrow/arrow_3.png using Guid(2907fbbb5514b044fb47e8c788b5148f) Importer(815301076,1909f56bfc062723c751e8b465ee728b)  -> (artifact id: '654213264d8c17c69c60342afc3e12b1') in 0.019822 seconds
Number of updated asset objects reloaded before import = 0
Number of asset objects unloaded after import = 3
========================================================================
Received Import Request.
  Time since last request: 3.071231 seconds.
  path: Assets/Textures/AssetsFoGame/2D Pixel Dungeon Asset Pack/interface/arrow_2.png
  artifactKey: Guid(01d7e0217a6468b43b8916fddc93614c) Importer(815301076,1909f56bfc062723c751e8b465ee728b)
Start importing Assets/Textures/AssetsFoGame/2D Pixel Dungeon Asset Pack/interface/arrow_2.png using Guid(01d7e0217a6468b43b8916fddc93614c) Importer(815301076,1909f56bfc062723c751e8b465ee728b)  -> (artifact id: '5662c53e776f979d45994a85dd5d26d4') in 0.015066 seconds
Number of updated asset objects reloaded before import = 0
Number of asset objects unloaded after import = 3
========================================================================
Received Import Request.
  Time since last request: 0.002692 seconds.
  path: Assets/Textures/AssetsFoGame/2D Pixel Dungeon Asset Pack/interface/square_left_1.png
  artifactKey: Guid(cc1ea8f10c8114a4cbc8687a07e7dc20) Importer(815301076,1909f56bfc062723c751e8b465ee728b)
Start importing Assets/Textures/AssetsFoGame/2D Pixel Dungeon Asset Pack/interface/square_left_1.png using Guid(cc1ea8f10c8114a4cbc8687a07e7dc20) Importer(815301076,1909f56bfc062723c751e8b465ee728b)  -> (artifact id: '269e4b367b7abcd8a56aa1b2d4526bb3') in 0.017989 seconds
Number of updated asset objects reloaded before import = 0
Number of asset objects unloaded after import = 3
========================================================================
Received Import Request.
  Time since last request: 0.000024 seconds.
  path: Assets/Textures/AssetsFoGame/2D Pixel Dungeon Asset Pack/interface/square_right_1.png
  artifactKey: Guid(472d0d189c782ac45a2daff8163eee68) Importer(815301076,1909f56bfc062723c751e8b465ee728b)
Start importing Assets/Textures/AssetsFoGame/2D Pixel Dungeon Asset Pack/interface/square_right_1.png using Guid(472d0d189c782ac45a2daff8163eee68) Importer(815301076,1909f56bfc062723c751e8b465ee728b)  -> (artifact id: '924f3f3a328a09a417448898a956730f') in 0.019137 seconds
Number of updated asset objects reloaded before import = 0
Number of asset objects unloaded after import = 3
========================================================================
Received Import Request.
  Time since last request: 0.000032 seconds.
  path: Assets/Textures/AssetsFoGame/2D Pixel Dungeon Asset Pack/interface/square_right_2_3.png
  artifactKey: Guid(4420f935cc0795744b918fb13f6d518b) Importer(815301076,1909f56bfc062723c751e8b465ee728b)
Start importing Assets/Textures/AssetsFoGame/2D Pixel Dungeon Asset Pack/interface/square_right_2_3.png using Guid(4420f935cc0795744b918fb13f6d518b) Importer(815301076,1909f56bfc062723c751e8b465ee728b)  -> (artifact id: '88a9d6f2b5686794e8ad09980ed90441') in 0.019074 seconds
Number of updated asset objects reloaded before import = 0
Number of asset objects unloaded after import = 3
========================================================================
Received Import Request.
  Time since last request: 0.000018 seconds.
  path: Assets/Textures/AssetsFoGame/2D Pixel Dungeon Asset Pack/interface/square_right_2_2.png
  artifactKey: Guid(54945720d387ba8448425f19cb538a2d) Importer(815301076,1909f56bfc062723c751e8b465ee728b)
Start importing Assets/Textures/AssetsFoGame/2D Pixel Dungeon Asset Pack/interface/square_right_2_2.png using Guid(54945720d387ba8448425f19cb538a2d) Importer(815301076,1909f56bfc062723c751e8b465ee728b)  -> (artifact id: '35ff0beb31fda76f94e2221810c5ced2') in 0.018471 seconds
Number of updated asset objects reloaded before import = 0
Number of asset objects unloaded after import = 3
========================================================================
Received Import Request.
  Time since last request: 0.000023 seconds.
  path: Assets/Textures/AssetsFoGame/2D Pixel Dungeon Asset Pack/interface/square_left_2_2.png
  artifactKey: Guid(f1412c4924c379e43bdccc8e66c433d7) Importer(815301076,1909f56bfc062723c751e8b465ee728b)
Start importing Assets/Textures/AssetsFoGame/2D Pixel Dungeon Asset Pack/interface/square_left_2_2.png using Guid(f1412c4924c379e43bdccc8e66c433d7) Importer(815301076,1909f56bfc062723c751e8b465ee728b)  -> (artifact id: '2e40594fd667459e1c2a734d927c9a3b') in 0.023917 seconds
Number of updated asset objects reloaded before import = 0
Number of asset objects unloaded after import = 3
========================================================================
Received Import Request.
  Time since last request: 0.000029 seconds.
  path: Assets/Textures/AssetsFoGame/2D Pixel Dungeon Asset Pack/interface/square_up_down_4.png
  artifactKey: Guid(8163e0378f8723647b689e4cf48e0907) Importer(815301076,1909f56bfc062723c751e8b465ee728b)
Start importing Assets/Textures/AssetsFoGame/2D Pixel Dungeon Asset Pack/interface/square_up_down_4.png using Guid(8163e0378f8723647b689e4cf48e0907) Importer(815301076,1909f56bfc062723c751e8b465ee728b)  -> (artifact id: 'bea1143d3be7596ab2e6495ccd4d7c5f') in 0.019620 seconds
Number of updated asset objects reloaded before import = 0
Number of asset objects unloaded after import = 3
========================================================================
Received Import Request.
  Time since last request: 0.000032 seconds.
  path: Assets/Textures/AssetsFoGame/2D Pixel Dungeon Asset Pack/interface/square_up_down_2.png
  artifactKey: Guid(8ff1b024e89568c4b865d55c84515580) Importer(815301076,1909f56bfc062723c751e8b465ee728b)
Start importing Assets/Textures/AssetsFoGame/2D Pixel Dungeon Asset Pack/interface/square_up_down_2.png using Guid(8ff1b024e89568c4b865d55c84515580) Importer(815301076,1909f56bfc062723c751e8b465ee728b)  -> (artifact id: '985a12251e23768021e2dcc8f64267ee') in 0.019337 seconds
Number of updated asset objects reloaded before import = 0
Number of asset objects unloaded after import = 3
========================================================================
Received Import Request.
  Time since last request: 0.000030 seconds.
  path: Assets/Textures/AssetsFoGame/2D Pixel Dungeon Asset Pack/interface/square_left_2_3.png
  artifactKey: Guid(cec1793460af2fc499126bc7a70d5004) Importer(815301076,1909f56bfc062723c751e8b465ee728b)
Start importing Assets/Textures/AssetsFoGame/2D Pixel Dungeon Asset Pack/interface/square_left_2_3.png using Guid(cec1793460af2fc499126bc7a70d5004) Importer(815301076,1909f56bfc062723c751e8b465ee728b)  -> (artifact id: '940b108206dee343eea389ae6bad2a29') in 0.023134 seconds
Number of updated asset objects reloaded before import = 0
Number of asset objects unloaded after import = 3
========================================================================
Received Import Request.
  Time since last request: 0.000023 seconds.
  path: Assets/Textures/AssetsFoGame/2D Pixel Dungeon Asset Pack/interface/arrow_3.png
  artifactKey: Guid(89fbc8a93bbcacc45be4c830210fde74) Importer(815301076,1909f56bfc062723c751e8b465ee728b)
Start importing Assets/Textures/AssetsFoGame/2D Pixel Dungeon Asset Pack/interface/arrow_3.png using Guid(89fbc8a93bbcacc45be4c830210fde74) Importer(815301076,1909f56bfc062723c751e8b465ee728b)  -> (artifact id: '7fc96330061b9725fb5e5eff64d0d4d3') in 0.020421 seconds
Number of updated asset objects reloaded before import = 0
Number of asset objects unloaded after import = 3
========================================================================
Received Import Request.
  Time since last request: 0.000036 seconds.
  path: Assets/Textures/AssetsFoGame/2D Pixel Dungeon Asset Pack/interface/square_right_3.png
  artifactKey: Guid(d37b84f5e238b354ba273076e73087ff) Importer(815301076,1909f56bfc062723c751e8b465ee728b)
Start importing Assets/Textures/AssetsFoGame/2D Pixel Dungeon Asset Pack/interface/square_right_3.png using Guid(d37b84f5e238b354ba273076e73087ff) Importer(815301076,1909f56bfc062723c751e8b465ee728b)  -> (artifact id: '0c798e5a2cc60b2a35ff0ec3982f58fa') in 0.017240 seconds
Number of updated asset objects reloaded before import = 0
Number of asset objects unloaded after import = 3
========================================================================
Received Import Request.
  Time since last request: 0.000045 seconds.
  path: Assets/Textures/AssetsFoGame/2D Pixel Dungeon Asset Pack/interface/square_left_3.png
  artifactKey: Guid(7ec49c33069f9034b9e3fb5ac97c7cdb) Importer(815301076,1909f56bfc062723c751e8b465ee728b)
Start importing Assets/Textures/AssetsFoGame/2D Pixel Dungeon Asset Pack/interface/square_left_3.png using Guid(7ec49c33069f9034b9e3fb5ac97c7cdb) Importer(815301076,1909f56bfc062723c751e8b465ee728b)  -> (artifact id: 'bfa76f4f55d61bcdc0e25f13d1d83ce7') in 0.018793 seconds
Number of updated asset objects reloaded before import = 0
Number of asset objects unloaded after import = 3
========================================================================
Received Import Request.
  Time since last request: 3.843480 seconds.
  path: Assets/Textures/AssetsFoGame/2D Pixel Dungeon Asset Pack/items and trap_animation/box_1/box_1_2.png
  artifactKey: Guid(f934ce8ba33fb654e9364ee62f7008f7) Importer(815301076,1909f56bfc062723c751e8b465ee728b)
Start importing Assets/Textures/AssetsFoGame/2D Pixel Dungeon Asset Pack/items and trap_animation/box_1/box_1_2.png using Guid(f934ce8ba33fb654e9364ee62f7008f7) Importer(815301076,1909f56bfc062723c751e8b465ee728b)  -> (artifact id: 'd3e0c792328db7ea62fe423778da6415') in 0.025802 seconds
Number of updated asset objects reloaded before import = 0
Number of asset objects unloaded after import = 3
========================================================================
Received Import Request.
  Time since last request: 9.043914 seconds.
  path: Assets/Textures/AssetsFoGame/2D Pixel Dungeon Asset Pack/items and trap_animation/box_1/box_1_3.png
  artifactKey: Guid(5d43e364ebacf344b91f36cea38b7a70) Importer(815301076,1909f56bfc062723c751e8b465ee728b)
Start importing Assets/Textures/AssetsFoGame/2D Pixel Dungeon Asset Pack/items and trap_animation/box_1/box_1_3.png using Guid(5d43e364ebacf344b91f36cea38b7a70) Importer(815301076,1909f56bfc062723c751e8b465ee728b)  -> (artifact id: '0136c860179888f5dbb3a090eb7758e6') in 0.019436 seconds
Number of updated asset objects reloaded before import = 0
Number of asset objects unloaded after import = 3
